Bowtie 2 seems to be working fine (tested command '/share/software/user/open/bowtie2/2.3.4.1/bin/bowtie2 --version' [2.3.4])
Bowtie 2 seems to be working fine (tested command '/share/software/user/open/bowtie2/2.3.4.1/bin/bowtie2 --version' [2.3.4])
Bowtie 2 seems to be working fine (tested command '/share/software/user/open/bowtie2/2.3.4.1/bin/bowtie2 --version' [2.3.4])
Output format is BAM (default)
Bowtie 2 seems to be working fine (tested command '/share/software/user/open/bowtie2/2.3.4.1/bin/bowtie2 --version' [2.3.4])
Output format is BAM (default)
Output format is BAM (default)
Bowtie 2 seems to be working fine (tested command '/share/software/user/open/bowtie2/2.3.4.1/bin/bowtie2 --version' [2.3.4])
Output format is BAM (default)
Output format is BAM (default)
Bowtie 2 seems to be working fine (tested command '/share/software/user/open/bowtie2/2.3.4.1/bin/bowtie2 --version' [2.3.4])
Bowtie 2 seems to be working fine (tested command '/share/software/user/open/bowtie2/2.3.4.1/bin/bowtie2 --version' [2.3.4])
Output format is BAM (default)
Bowtie 2 seems to be working fine (tested command '/share/software/user/open/bowtie2/2.3.4.1/bin/bowtie2 --version' [2.3.4])
Output format is BAM (default)
Output format is BAM (default)
Bowtie 2 seems to be working fine (tested command '/share/software/user/open/bowtie2/2.3.4.1/bin/bowtie2 --version' [2.3.4])
Bowtie 2 seems to be working fine (tested command '/share/software/user/open/bowtie2/2.3.4.1/bin/bowtie2 --version' [2.3.4])
Output format is BAM (default)
Output format is BAM (default)
Alignments will be written out in BAM format. Samtools found here: '/share/software/user/open/samtools/1.16.1/bin/samtools'
Alignments will be written out in BAM format. Samtools found here: '/share/software/user/open/samtools/1.16.1/bin/samtools'
Alignments will be written out in BAM format. Samtools found here: '/share/software/user/open/samtools/1.16.1/bin/samtools'
Alignments will be written out in BAM format. Samtools found here: '/share/software/user/open/samtools/1.16.1/bin/samtools'
Alignments will be written out in BAM format. Samtools found here: '/share/software/user/open/samtools/1.16.1/bin/samtools'
Alignments will be written out in BAM format. Samtools found here: '/share/software/user/open/samtools/1.16.1/bin/samtools'
Alignments will be written out in BAM format. Samtools found here: '/share/software/user/open/samtools/1.16.1/bin/samtools'
Alignments will be written out in BAM format. Samtools found here: '/share/software/user/open/samtools/1.16.1/bin/samtools'
Alignments will be written out in BAM format. Samtools found here: '/share/software/user/open/samtools/1.16.1/bin/samtools'
Alignments will be written out in BAM format. Samtools found here: '/share/software/user/open/samtools/1.16.1/bin/samtools'
Reference genome folder provided is /home/groups/ximenac/XCD_BSSeq/GSE134873/mouse_genome_no_patches/Ensmble/	(absolute path is '/home/groups/ximenac/XCD_BSSeq/GSE134873/mouse_genome_no_patches/Ensmble/)'
Reference genome folder provided is /home/groups/ximenac/XCD_BSSeq/GSE134873/mouse_genome_no_patches/Ensmble/	(absolute path is '/home/groups/ximenac/XCD_BSSeq/GSE134873/mouse_genome_no_patches/Ensmble/)'
Reference genome folder provided is /home/groups/ximenac/XCD_BSSeq/GSE134873/mouse_genome_no_patches/Ensmble/	(absolute path is '/home/groups/ximenac/XCD_BSSeq/GSE134873/mouse_genome_no_patches/Ensmble/)'
Reference genome folder provided is /home/groups/ximenac/XCD_BSSeq/GSE134873/mouse_genome_no_patches/Ensmble/	(absolute path is '/home/groups/ximenac/XCD_BSSeq/GSE134873/mouse_genome_no_patches/Ensmble/)'
Reference genome folder provided is /home/groups/ximenac/XCD_BSSeq/GSE134873/mouse_genome_no_patches/Ensmble/	(absolute path is '/home/groups/ximenac/XCD_BSSeq/GSE134873/mouse_genome_no_patches/Ensmble/)'
Reference genome folder provided is /home/groups/ximenac/XCD_BSSeq/GSE134873/mouse_genome_no_patches/Ensmble/	(absolute path is '/home/groups/ximenac/XCD_BSSeq/GSE134873/mouse_genome_no_patches/Ensmble/)'
Reference genome folder provided is /home/groups/ximenac/XCD_BSSeq/GSE134873/mouse_genome_no_patches/Ensmble/	(absolute path is '/home/groups/ximenac/XCD_BSSeq/GSE134873/mouse_genome_no_patches/Ensmble/)'
Reference genome folder provided is /home/groups/ximenac/XCD_BSSeq/GSE134873/mouse_genome_no_patches/Ensmble/	(absolute path is '/home/groups/ximenac/XCD_BSSeq/GSE134873/mouse_genome_no_patches/Ensmble/)'
Reference genome folder provided is /home/groups/ximenac/XCD_BSSeq/GSE134873/mouse_genome_no_patches/Ensmble/	(absolute path is '/home/groups/ximenac/XCD_BSSeq/GSE134873/mouse_genome_no_patches/Ensmble/)'
Reference genome folder provided is /home/groups/ximenac/XCD_BSSeq/GSE134873/mouse_genome_no_patches/Ensmble/	(absolute path is '/home/groups/ximenac/XCD_BSSeq/GSE134873/mouse_genome_no_patches/Ensmble/)'
FastQ format specified
FastQ format specified
FastQ format specified
FastQ format specified
Each Bowtie 2 instance is going to be run with 2 threads. Please monitor performance closely and tune down if necessary!
FastQ format specified
FastQ format specified
FastQ format specified
FastQ format specified
FastQ format specified
Each Bowtie 2 instance is going to be run with 2 threads. Please monitor performance closely and tune down if necessary!
Each Bowtie 2 instance is going to be run with 2 threads. Please monitor performance closely and tune down if necessary!
Each Bowtie 2 instance is going to be run with 2 threads. Please monitor performance closely and tune down if necessary!
Each Bowtie 2 instance is going to be run with 2 threads. Please monitor performance closely and tune down if necessary!
Each Bowtie 2 instance is going to be run with 2 threads. Please monitor performance closely and tune down if necessary!
FastQ format specified
Each Bowtie 2 instance is going to be run with 2 threads. Please monitor performance closely and tune down if necessary!
Each Bowtie 2 instance is going to be run with 2 threads. Please monitor performance closely and tune down if necessary!
Each Bowtie 2 instance is going to be run with 2 threads. Please monitor performance closely and tune down if necessary!
Each Bowtie 2 instance is going to be run with 2 threads. Please monitor performance closely and tune down if necessary!

Input files to be analysed (in current folder '/scratch/groups/ximenac/PRJNA214817/Bismark_Aligned/Local'):

Input files to be analysed (in current folder '/scratch/groups/ximenac/PRJNA214817/Bismark_Aligned/Local'):

Input files to be analysed (in current folder '/scratch/groups/ximenac/PRJNA214817/Bismark_Aligned/Local'):

Input files to be analysed (in current folder '/scratch/groups/ximenac/PRJNA214817/Bismark_Aligned/Local'):

Input files to be analysed (in current folder '/scratch/groups/ximenac/PRJNA214817/Bismark_Aligned/Local'):

Input files to be analysed (in current folder '/scratch/groups/ximenac/PRJNA214817/Bismark_Aligned/Local'):

Input files to be analysed (in current folder '/scratch/groups/ximenac/PRJNA214817/Bismark_Aligned/Local'):

Input files to be analysed (in current folder '/scratch/groups/ximenac/PRJNA214817/Bismark_Aligned/Local'):

Input files to be analysed (in current folder '/scratch/groups/ximenac/PRJNA214817/Bismark_Aligned/Local'):

Input files to be analysed (in current folder '/scratch/groups/ximenac/PRJNA214817/Bismark_Aligned/Local'):
Supplied filename '/scratch/groups/ximenac/PRJNA214817/fastq/SRRSRR9501[7-8][4]_1.fastq.gz' does not exist, please respecify!

Supplied filename '/scratch/groups/ximenac/PRJNA214817/fastq/SRRSRR9501[7-8][9]_1.fastq.gz' does not exist, please respecify!

Supplied filename '/scratch/groups/ximenac/PRJNA214817/fastq/SRRSRR9501[7-8][3]_1.fastq.gz' does not exist, please respecify!

Supplied filename '/scratch/groups/ximenac/PRJNA214817/fastq/SRRSRR9501[7-8][1]_1.fastq.gz' does not exist, please respecify!

Supplied filename '/scratch/groups/ximenac/PRJNA214817/fastq/SRRSRR9501[7-8][5]_1.fastq.gz' does not exist, please respecify!

Supplied filename '/scratch/groups/ximenac/PRJNA214817/fastq/SRRSRR9501[7-8][2]_1.fastq.gz' does not exist, please respecify!

Supplied filename '/scratch/groups/ximenac/PRJNA214817/fastq/SRRSRR9501[7-8][8]_1.fastq.gz' does not exist, please respecify!

Supplied filename '/scratch/groups/ximenac/PRJNA214817/fastq/SRRSRR9501[7-8][7]_1.fastq.gz' does not exist, please respecify!

Supplied filename '/scratch/groups/ximenac/PRJNA214817/fastq/SRRSRR9501[7-8][6]_1.fastq.gz' does not exist, please respecify!

Supplied filename '/scratch/groups/ximenac/PRJNA214817/fastq/SRRSRR9501[7-8][0]_1.fastq.gz' does not exist, please respecify!

