Bowtie 2 seems to be working fine (tested command 'bowtie2 --version' [2.3.4])
Output format is BAM (default)
Bowtie 2 seems to be working fine (tested command 'bowtie2 --version' [2.3.4])
Output format is BAM (default)
Alignments will be written out in BAM format. Samtools found here: '/share/software/user/open/samtools/1.16.1/bin/samtools'
Bowtie 2 seems to be working fine (tested command 'bowtie2 --version' [2.3.4])
Output format is BAM (default)
Alignments will be written out in BAM format. Samtools found here: '/share/software/user/open/samtools/1.16.1/bin/samtools'
Alignments will be written out in BAM format. Samtools found here: '/share/software/user/open/samtools/1.16.1/bin/samtools'
Reference genome folder provided is /home/groups/ximenac/GSE134873/mouse_genome/	(absolute path is '/home/groups/ximenac/GSE134873/mouse_genome/)'
Reference genome folder provided is /home/groups/ximenac/GSE134873/mouse_genome/	(absolute path is '/home/groups/ximenac/GSE134873/mouse_genome/)'
Reference genome folder provided is /home/groups/ximenac/GSE134873/mouse_genome/	(absolute path is '/home/groups/ximenac/GSE134873/mouse_genome/)'
FastQ format assumed (by default)
FastQ format assumed (by default)
FastQ format assumed (by default)

Input files to be analysed (in current folder '/home/groups/ximenac/GSE134873/pipeline_scripts'):

Input files to be analysed (in current folder '/home/groups/ximenac/GSE134873/pipeline_scripts'):

Input files to be analysed (in current folder '/home/groups/ximenac/GSE134873/pipeline_scripts'):
Supplied filename '/scratch/groups/ximenac/GSE134873//SRR983366[3]_val_1_val_1.fq.gz' does not exist, please respecify!

Supplied filename '/scratch/groups/ximenac/GSE134873//SRR983366[2]_val_1_val_1.fq.gz' does not exist, please respecify!

Supplied filename '/scratch/groups/ximenac/GSE134873//SRR983366[4]_val_1_val_1.fq.gz' does not exist, please respecify!

