Path to Cutadapt set as: 'cutadapt' (default)
Path to Cutadapt set as: 'cutadapt' (default)
Path to Cutadapt set as: 'cutadapt' (default)
Cutadapt seems to be working fine (tested command 'cutadapt --version')
Cutadapt seems to be working fine (tested command 'cutadapt --version')
Cutadapt seems to be working fine (tested command 'cutadapt --version')
Cutadapt version: 1.18
Cutadapt version: 1.18
Cutadapt seems to be using Python 3! Proceeding with multi-core enabled Cutadapt using 4 cores
Cutadapt seems to be using Python 3! Proceeding with multi-core enabled Cutadapt using 4 cores
Parallel gzip (pigz) detected. Proceeding with multicore (de)compression using 4 cores

Parallel gzip (pigz) detected. Proceeding with multicore (de)compression using 4 cores

Cutadapt version: 1.18
Proceeding with 'pigz -p 4' for decompression
To decrease CPU usage of decompression, please install 'igzip' and run again

If you are trying to supply several adapters, please adhere to the following format:
-a " AGCTAGCG -a TCTCTTATAT -a TTTATTCGGATTTAT"
Proceeding with 'pigz -p 4' for decompression
To decrease CPU usage of decompression, please install 'igzip' and run again

If you are trying to supply several adapters, please adhere to the following format:
-a " AGCTAGCG -a TCTCTTATAT -a TTTATTCGGATTTAT"
Cutadapt seems to be using Python 3! Proceeding with multi-core enabled Cutadapt using 4 cores
Parallel gzip (pigz) detected. Proceeding with multicore (de)compression using 4 cores

Proceeding with 'pigz -p 4' for decompression
To decrease CPU usage of decompression, please install 'igzip' and run again

If you are trying to supply several adapters, please adhere to the following format:
-a " AGCTAGCG -a TCTCTTATAT -a TTTATTCGGATTTAT"
Output will be written into the directory: /scratch/groups/ximenac/GSE134873/
Output will be written into the directory: /scratch/groups/ximenac/GSE134873/
Output will be written into the directory: /scratch/groups/ximenac/GSE134873/
Writing report to '/scratch/groups/ximenac/GSE134873/SRR9833662_1_val_1.fq.gz_trimming_report.txt'

SUMMARISING RUN PARAMETERS
==========================
Input filename: /scratch/groups/ximenac/GSE134873/trim_galore_out/SRR9833662_1_val_1.fq.gz
Trimming mode: paired-end
Trim Galore version: 0.6.10
Cutadapt version: 1.18
Python version: 3.6.1
Number of cores used for trimming: 4
Quality Phred score cutoff: 20
Quality encoding type selected: ASCII+33
Adapter sequence: ' AGATCGGAAGAGC -a ACACGTCTGAAC -a GTAGGGAAAGAGT' (user defined)
Maximum trimming error rate: 0.1 (default)
Maximum number of tolerated Ns: 20
Minimum required adapter overlap (stringency): 1 bp
Minimum required sequence length for both reads before a sequence pair gets removed: 15 bp
Running FastQC on the data once trimming has completed
Output file(s) will be GZIP compressed

Cutadapt seems to be reasonably up-to-date. Setting -j 4
Writing report to '/scratch/groups/ximenac/GSE134873/SRR9833664_1_val_1.fq.gz_trimming_report.txt'

SUMMARISING RUN PARAMETERS
==========================
Input filename: /scratch/groups/ximenac/GSE134873/trim_galore_out/SRR9833664_1_val_1.fq.gz
Trimming mode: paired-end
Trim Galore version: 0.6.10
Cutadapt version: 1.18
Python version: 3.6.1
Number of cores used for trimming: 4
Quality Phred score cutoff: 20
Quality encoding type selected: ASCII+33
Adapter sequence: ' AGATCGGAAGAGC -a ACACGTCTGAAC -a GTAGGGAAAGAGT' (user defined)
Maximum trimming error rate: 0.1 (default)
Maximum number of tolerated Ns: 20
Minimum required adapter overlap (stringency): 1 bp
Minimum required sequence length for both reads before a sequence pair gets removed: 15 bp
Running FastQC on the data once trimming has completed
Output file(s) will be GZIP compressed

Cutadapt seems to be reasonably up-to-date. Setting -j 4
Writing final adapter and quality trimmed output to SRR9833662_1_val_1_trimmed.fq.gz


  >>> Now performing quality (cutoff '-q 20') and adapter trimming in a single pass for the adapter sequence: ' AGATCGGAAGAGC -a ACACGTCTGAAC -a GTAGGGAAAGAGT' from file /scratch/groups/ximenac/GSE134873/trim_galore_out/SRR9833662_1_val_1.fq.gz <<< 
Writing final adapter and quality trimmed output to SRR9833664_1_val_1_trimmed.fq.gz


  >>> Now performing quality (cutoff '-q 20') and adapter trimming in a single pass for the adapter sequence: ' AGATCGGAAGAGC -a ACACGTCTGAAC -a GTAGGGAAAGAGT' from file /scratch/groups/ximenac/GSE134873/trim_galore_out/SRR9833664_1_val_1.fq.gz <<< 
Writing report to '/scratch/groups/ximenac/GSE134873/SRR9833663_1_val_1.fq.gz_trimming_report.txt'

SUMMARISING RUN PARAMETERS
==========================
Input filename: /scratch/groups/ximenac/GSE134873/trim_galore_out/SRR9833663_1_val_1.fq.gz
Trimming mode: paired-end
Trim Galore version: 0.6.10
Cutadapt version: 1.18
Python version: 3.6.1
Number of cores used for trimming: 4
Quality Phred score cutoff: 20
Quality encoding type selected: ASCII+33
Adapter sequence: ' AGATCGGAAGAGC -a ACACGTCTGAAC -a GTAGGGAAAGAGT' (user defined)
Maximum trimming error rate: 0.1 (default)
Maximum number of tolerated Ns: 20
Minimum required adapter overlap (stringency): 1 bp
Minimum required sequence length for both reads before a sequence pair gets removed: 15 bp
Running FastQC on the data once trimming has completed
Output file(s) will be GZIP compressed

Cutadapt seems to be reasonably up-to-date. Setting -j 4
Writing final adapter and quality trimmed output to SRR9833663_1_val_1_trimmed.fq.gz


  >>> Now performing quality (cutoff '-q 20') and adapter trimming in a single pass for the adapter sequence: ' AGATCGGAAGAGC -a ACACGTCTGAAC -a GTAGGGAAAGAGT' from file /scratch/groups/ximenac/GSE134873/trim_galore_out/SRR9833663_1_val_1.fq.gz <<< 
10000000 sequences processed
10000000 sequences processed
10000000 sequences processed
20000000 sequences processed
20000000 sequences processed
20000000 sequences processed
30000000 sequences processed
30000000 sequences processed
30000000 sequences processed
40000000 sequences processed
40000000 sequences processed
40000000 sequences processed
50000000 sequences processed
50000000 sequences processed
50000000 sequences processed
60000000 sequences processed
60000000 sequences processed
60000000 sequences processed
70000000 sequences processed
70000000 sequences processed
70000000 sequences processed
80000000 sequences processed
80000000 sequences processed
80000000 sequences processed
90000000 sequences processed
90000000 sequences processed
90000000 sequences processed
100000000 sequences processed
100000000 sequences processed
100000000 sequences processed
110000000 sequences processed
110000000 sequences processed
120000000 sequences processed
110000000 sequences processed
130000000 sequences processed
120000000 sequences processed
120000000 sequences processed
140000000 sequences processed
130000000 sequences processed
130000000 sequences processed
150000000 sequences processed
140000000 sequences processed
140000000 sequences processed
160000000 sequences processed
150000000 sequences processed
150000000 sequences processed
170000000 sequences processed
160000000 sequences processed
160000000 sequences processed
180000000 sequences processed
170000000 sequences processed
170000000 sequences processed
190000000 sequences processed
180000000 sequences processed
180000000 sequences processed
200000000 sequences processed
190000000 sequences processed
This is cutadapt 1.18 with Python 3.6.1
Command line parameters: -j 4 -e 0.1 -q 20 -O 1 -a AGATCGGAAGAGC -a ACACGTCTGAAC -a GTAGGGAAAGAGT /scratch/groups/ximenac/GSE134873/trim_galore_out/SRR9833663_1_val_1.fq.gz
Processing reads on 4 cores in single-end mode ...
Finished in 2014.93 s (10 us/read; 6.20 M reads/minute).

=== Summary ===

Total reads processed:             208,181,433
Reads with adapters:               114,040,782 (54.8%)
Reads written (passing filters):   208,181,433 (100.0%)

Total basepairs processed: 21,470,183,395 bp
Quality-trimmed:              93,286,364 bp (0.4%)
Total written (filtered):  21,192,532,029 bp (98.7%)

=== Adapter 1 ===

Sequence: AGATCGGAAGAGC; Type: regular 3'; Length: 13; Trimmed: 63662848 times.

No. of allowed errors:
0-9 bp: 0; 10-13 bp: 1

Bases preceding removed adapters:
  A: 37.7%
  C: 0.8%
  G: 18.4%
  T: 43.1%
  none/other: 0.0%

Overview of removed sequences
length	count	expect	max.err	error counts
1	45910645	52045358.2	0	45910645
2	11961573	13011339.6	0	11961573
3	4071716	3252834.9	0	4071716
4	1664664	813208.7	0	1664664
5	23604	203302.2	0	23604
6	9974	50825.5	0	9974
7	2419	12706.4	0	2419
8	1049	3176.6	0	1049
9	5212	794.1	0	907 4305
10	5617	198.5	1	168 5449
11	4046	49.6	1	101 3945
12	942	12.4	1	15 927
13	92	3.1	1	0 92
14	75	3.1	1	0 75
15	91	3.1	1	0 91
16	132	3.1	1	0 132
17	139	3.1	1	0 139
18	79	3.1	1	0 79
19	54	3.1	1	0 54
20	39	3.1	1	0 39
21	75	3.1	1	0 75
22	58	3.1	1	0 58
23	68	3.1	1	0 68
24	58	3.1	1	0 58
25	76	3.1	1	0 76
26	47	3.1	1	0 47
27	40	3.1	1	0 40
28	48	3.1	1	0 48
29	28	3.1	1	0 28
30	25	3.1	1	0 25
31	13	3.1	1	0 13
32	2	3.1	1	0 2
33	2	3.1	1	0 2
34	3	3.1	1	0 3
35	5	3.1	1	0 5
36	2	3.1	1	0 2
37	2	3.1	1	0 2
38	3	3.1	1	0 3
39	4	3.1	1	0 4
40	7	3.1	1	0 7
41	1	3.1	1	0 1
42	3	3.1	1	0 3
43	4	3.1	1	0 4
44	1	3.1	1	0 1
45	2	3.1	1	0 2
46	1	3.1	1	0 1
47	2	3.1	1	0 2
48	3	3.1	1	0 3
49	1	3.1	1	0 1
50	1	3.1	1	0 1
51	2	3.1	1	0 2
52	3	3.1	1	0 3
54	2	3.1	1	0 2
55	5	3.1	1	0 5
56	1	3.1	1	0 1
57	2	3.1	1	0 2
58	1	3.1	1	0 1
59	4	3.1	1	0 4
60	3	3.1	1	0 3
61	6	3.1	1	0 6
62	4	3.1	1	0 4
63	4	3.1	1	0 4
64	2	3.1	1	0 2
65	3	3.1	1	0 3
66	3	3.1	1	0 3
67	4	3.1	1	0 4
68	3	3.1	1	0 3
69	5	3.1	1	0 5
70	2	3.1	1	0 2
71	2	3.1	1	0 2
72	3	3.1	1	0 3
73	6	3.1	1	0 6
74	3	3.1	1	0 3
75	3	3.1	1	0 3
76	2	3.1	1	0 2
77	4	3.1	1	0 4
79	1	3.1	1	0 1
80	1	3.1	1	0 1
82	5	3.1	1	0 5
83	2	3.1	1	0 2
84	2	3.1	1	0 2
85	1	3.1	1	0 1
86	1	3.1	1	0 1
88	1	3.1	1	0 1
89	1	3.1	1	0 1
90	2	3.1	1	0 2
91	1	3.1	1	0 1
92	1	3.1	1	0 1

=== Adapter 2 ===

Sequence: ACACGTCTGAAC; Type: regular 3'; Length: 12; Trimmed: 1117843 times.

No. of allowed errors:
0-9 bp: 0; 10-12 bp: 1

Bases preceding removed adapters:
  A: 23.7%
  C: 11.4%
  G: 27.9%
  T: 36.7%
  none/other: 0.2%

Overview of removed sequences
length	count	expect	max.err	error counts
2	923666	13011339.6	0	923666
3	125532	3252834.9	0	125532
4	28302	813208.7	0	28302
5	3510	203302.2	0	3510
6	1169	50825.5	0	1169
7	435	12706.4	0	435
8	6115	3176.6	0	6115
9	1472	794.1	0	1449 23
10	523	198.5	1	315 208
11	2357	49.6	1	1541 816
12	2058	12.4	1	1479 579
13	2398	12.4	1	1607 791
14	1071	12.4	1	771 300
15	1776	12.4	1	1196 580
16	2589	12.4	1	1768 821
17	756	12.4	1	576 180
18	378	12.4	1	260 118
19	351	12.4	1	229 122
20	273	12.4	1	177 96
21	496	12.4	1	320 176
22	1442	12.4	1	929 513
23	398	12.4	1	281 117
24	756	12.4	1	475 281
25	269	12.4	1	175 94
26	845	12.4	1	526 319
27	515	12.4	1	326 189
28	802	12.4	1	500 302
29	352	12.4	1	226 126
30	140	12.4	1	91 49
31	226	12.4	1	154 72
32	346	12.4	1	227 119
33	147	12.4	1	104 43
34	255	12.4	1	148 107
35	210	12.4	1	144 66
36	452	12.4	1	283 169
37	112	12.4	1	70 42
38	262	12.4	1	172 90
39	337	12.4	1	223 114
40	154	12.4	1	98 56
41	140	12.4	1	92 48
42	119	12.4	1	71 48
43	148	12.4	1	85 63
44	120	12.4	1	86 34
45	122	12.4	1	86 36
46	147	12.4	1	89 58
47	58	12.4	1	34 24
48	119	12.4	1	81 38
49	130	12.4	1	73 57
50	274	12.4	1	204 70
51	205	12.4	1	176 29
52	158	12.4	1	129 29
53	123	12.4	1	98 25
54	64	12.4	1	54 10
55	50	12.4	1	43 7
56	35	12.4	1	31 4
57	19	12.4	1	15 4
58	13	12.4	1	11 2
59	21	12.4	1	16 5
60	20	12.4	1	17 3
61	58	12.4	1	46 12
62	70	12.4	1	60 10
63	34	12.4	1	27 7
64	21	12.4	1	20 1
65	24	12.4	1	16 8
66	15	12.4	1	12 3
67	17	12.4	1	14 3
68	9	12.4	1	7 2
69	2	12.4	1	1 1
70	11	12.4	1	6 5
71	9	12.4	1	4 5
72	6	12.4	1	2 4
73	13	12.4	1	10 3
74	12	12.4	1	5 7
75	4	12.4	1	3 1
76	10	12.4	1	8 2
77	7	12.4	1	3 4
78	9	12.4	1	8 1
79	14	12.4	1	10 4
80	11	12.4	1	5 6
81	6	12.4	1	4 2
82	7	12.4	1	6 1
83	13	12.4	1	8 5
84	17	12.4	1	15 2
85	11	12.4	1	6 5
86	11	12.4	1	8 3
87	10	12.4	1	6 4
88	18	12.4	1	11 7
89	11	12.4	1	10 1
90	14	12.4	1	10 4
91	18	12.4	1	12 6
92	26	12.4	1	17 9
93	13	12.4	1	10 3
94	14	12.4	1	9 5
95	12	12.4	1	7 5
96	17	12.4	1	11 6
97	20	12.4	1	17 3
98	15	12.4	1	9 6
99	14	12.4	1	9 5
100	24	12.4	1	20 4
101	26	12.4	1	17 9
102	75	12.4	1	56 19
103	132	12.4	1	95 37
104	326	12.4	1	244 82
105	652	12.4	1	450 202
106	653	12.4	1	345 308

=== Adapter 3 ===

Sequence: GTAGGGAAAGAGT; Type: regular 3'; Length: 13; Trimmed: 49260091 times.

No. of allowed errors:
0-9 bp: 0; 10-13 bp: 1

Bases preceding removed adapters:
  A: 16.3%
  C: 5.0%
  G: 28.4%
  T: 50.3%
  none/other: 0.0%

Overview of removed sequences
length	count	expect	max.err	error counts
1	24045201	52045358.2	0	24045201
2	18779454	13011339.6	0	18779454
3	4544025	3252834.9	0	4544025
4	1316611	813208.7	0	1316611
5	289783	203302.2	0	289783
6	66863	50825.5	0	66863
7	20756	12706.4	0	20756
8	6176	3176.6	0	6176
9	9844	794.1	0	2235 7609
10	18685	198.5	1	613 18072
11	9037	49.6	1	163 8874
12	3629	12.4	1	57 3572
13	1674	3.1	1	16 1658
14	1541	3.1	1	25 1516
15	1463	3.1	1	16 1447
16	1473	3.1	1	26 1447
17	1764	3.1	1	25 1739
18	1237	3.1	1	27 1210
19	1617	3.1	1	10 1607
20	1355	3.1	1	32 1323
21	1335	3.1	1	23 1312
22	1458	3.1	1	27 1431
23	1442	3.1	1	20 1422
24	1476	3.1	1	23 1453
25	1446	3.1	1	33 1413
26	1359	3.1	1	25 1334
27	1546	3.1	1	24 1522
28	1417	3.1	1	18 1399
29	1257	3.1	1	17 1240
30	1440	3.1	1	19 1421
31	1361	3.1	1	23 1338
32	1433	3.1	1	14 1419
33	1378	3.1	1	17 1361
34	1434	3.1	1	16 1418
35	1428	3.1	1	17 1411
36	1421	3.1	1	35 1386
37	1298	3.1	1	11 1287
38	1798	3.1	1	16 1782
39	1419	3.1	1	18 1401
40	1530	3.1	1	27 1503
41	1666	3.1	1	27 1639
42	1498	3.1	1	24 1474
43	1917	3.1	1	35 1882
44	1718	3.1	1	40 1678
45	1623	3.1	1	24 1599
46	1803	3.1	1	23 1780
47	1632	3.1	1	30 1602
48	1418	3.1	1	30 1388
49	1557	3.1	1	23 1534
50	1579	3.1	1	33 1546
51	1514	3.1	1	27 1487
52	1540	3.1	1	26 1514
53	1911	3.1	1	28 1883
54	1611	3.1	1	25 1586
55	1547	3.1	1	35 1512
56	1666	3.1	1	39 1627
57	1503	3.1	1	31 1472
58	1590	3.1	1	27 1563
59	1715	3.1	1	19 1696
60	1758	3.1	1	20 1738
61	1737	3.1	1	19 1718
62	2085	3.1	1	27 2058
63	1475	3.1	1	27 1448
64	1554	3.1	1	24 1530
65	1685	3.1	1	28 1657
66	1596	3.1	1	31 1565
67	1623	3.1	1	22 1601
68	1915	3.1	1	33 1882
69	1508	3.1	1	30 1478
70	1659	3.1	1	28 1631
71	1550	3.1	1	25 1525
72	1396	3.1	1	21 1375
73	1601	3.1	1	33 1568
74	1658	3.1	1	22 1636
75	1946	3.1	1	31 1915
76	1587	3.1	1	41 1546
77	2030	3.1	1	29 2001
78	1845	3.1	1	33 1812
79	1802	3.1	1	24 1778
80	1534	3.1	1	16 1518
81	1578	3.1	1	24 1554
82	1641	3.1	1	28 1613
83	1808	3.1	1	32 1776
84	1809	3.1	1	28 1781
85	1718	3.1	1	33 1685
86	1640	3.1	1	34 1606
87	1798	3.1	1	21 1777
88	2286	3.1	1	40 2246
89	1854	3.1	1	39 1815
90	1505	3.1	1	26 1479
91	1714	3.1	1	27 1687
92	1580	3.1	1	25 1555
93	1752	3.1	1	27 1725
94	1481	3.1	1	33 1448
95	1407	3.1	1	15 1392
96	1536	3.1	1	26 1510
97	1619	3.1	1	30 1589
98	1902	3.1	1	38 1864
99	1822	3.1	1	35 1787
100	1460	3.1	1	15 1445
101	1688	3.1	1	24 1664
102	1622	3.1	1	35 1587
103	1410	3.1	1	24 1386
104	1647	3.1	1	21 1626
105	1400	3.1	1	22 1378
106	998	3.1	1	13 985


RUN STATISTICS FOR INPUT FILE: /scratch/groups/ximenac/GSE134873/trim_galore_out/SRR9833663_1_val_1.fq.gz
=============================================
208181433 sequences processed in total
The length threshold of paired-end sequences gets evaluated later on (in the validation step)

Writing report to '/scratch/groups/ximenac/GSE134873/SRR9833663_2_val_2.fq.gz_trimming_report.txt'

SUMMARISING RUN PARAMETERS
==========================
Input filename: /scratch/groups/ximenac/GSE134873/trim_galore_out/SRR9833663_2_val_2.fq.gz
Trimming mode: paired-end
Trim Galore version: 0.6.10
Cutadapt version: 1.18
Python version: 3.6.1
Number of cores used for trimming: 4
Quality Phred score cutoff: 20
Quality encoding type selected: ASCII+33
Adapter sequence: ' AGATCGGAAGAGC -a ACACGTCTGAAC -a GTAGGGAAAGAGT' (user defined)
Maximum trimming error rate: 0.1 (default)
Maximum number of tolerated Ns: 20
Minimum required adapter overlap (stringency): 1 bp
Minimum required sequence length for both reads before a sequence pair gets removed: 15 bp
Running FastQC on the data once trimming has completed
Output file(s) will be GZIP compressed

Cutadapt seems to be reasonably up-to-date. Setting -j -j 4
Writing final adapter and quality trimmed output to SRR9833663_2_val_2_trimmed.fq.gz


  >>> Now performing quality (cutoff '-q 20') and adapter trimming in a single pass for the adapter sequence: ' AGATCGGAAGAGC -a ACACGTCTGAAC -a GTAGGGAAAGAGT' from file /scratch/groups/ximenac/GSE134873/trim_galore_out/SRR9833663_2_val_2.fq.gz <<< 
190000000 sequences processed
This is cutadapt 1.18 with Python 3.6.1
Command line parameters: -j 4 -e 0.1 -q 20 -O 1 -a AGATCGGAAGAGC -a ACACGTCTGAAC -a GTAGGGAAAGAGT /scratch/groups/ximenac/GSE134873/trim_galore_out/SRR9833662_1_val_1.fq.gz
Processing reads on 4 cores in single-end mode ...
Finished in 2072.49 s (11 us/read; 5.67 M reads/minute).

=== Summary ===

Total reads processed:             195,876,127
Reads with adapters:               106,379,719 (54.3%)
Reads written (passing filters):   195,876,127 (100.0%)

Total basepairs processed: 20,225,680,374 bp
Quality-trimmed:              83,198,366 bp (0.4%)
Total written (filtered):  19,970,879,073 bp (98.7%)

=== Adapter 1 ===

Sequence: AGATCGGAAGAGC; Type: regular 3'; Length: 13; Trimmed: 59156303 times.

No. of allowed errors:
0-9 bp: 0; 10-13 bp: 1

Bases preceding removed adapters:
  A: 37.6%
  C: 0.5%
  G: 18.3%
  T: 43.7%
  none/other: 0.0%

Overview of removed sequences
length	count	expect	max.err	error counts
1	42684980	48969031.8	0	42684980
2	11110604	12242257.9	0	11110604
3	3761048	3060564.5	0	3761048
4	1552058	765141.1	0	1552058
5	19784	191285.3	0	19784
6	9168	47821.3	0	9168
7	2239	11955.3	0	2239
8	892	2988.8	0	892
9	4730	747.2	0	823 3907
10	5028	186.8	1	146 4882
11	3511	46.7	1	91 3420
12	875	11.7	1	8 867
13	95	2.9	1	0 95
14	76	2.9	1	0 76
15	105	2.9	1	0 105
16	109	2.9	1	0 109
17	164	2.9	1	0 164
18	57	2.9	1	0 57
19	44	2.9	1	0 44
20	26	2.9	1	0 26
21	56	2.9	1	0 56
22	51	2.9	1	0 51
23	57	2.9	1	0 57
24	53	2.9	1	0 53
25	70	2.9	1	0 70
26	49	2.9	1	0 49
27	64	2.9	1	0 64
28	61	2.9	1	0 61
29	52	2.9	1	0 52
30	35	2.9	1	0 35
31	12	2.9	1	0 12
32	9	2.9	1	0 9
33	5	2.9	1	0 5
34	8	2.9	1	0 8
35	5	2.9	1	0 5
36	7	2.9	1	0 7
37	6	2.9	1	0 6
38	2	2.9	1	0 2
39	1	2.9	1	0 1
40	5	2.9	1	0 5
41	4	2.9	1	0 4
42	2	2.9	1	0 2
45	4	2.9	1	0 4
48	4	2.9	1	0 4
49	2	2.9	1	0 2
50	2	2.9	1	0 2
51	1	2.9	1	0 1
52	2	2.9	1	0 2
54	1	2.9	1	0 1
55	2	2.9	1	0 2
56	3	2.9	1	0 3
57	2	2.9	1	0 2
60	2	2.9	1	0 2
61	1	2.9	1	0 1
63	4	2.9	1	0 4
64	3	2.9	1	0 3
65	3	2.9	1	0 3
66	2	2.9	1	0 2
67	4	2.9	1	0 4
68	1	2.9	1	0 1
69	3	2.9	1	0 3
70	3	2.9	1	0 3
71	2	2.9	1	0 2
72	3	2.9	1	0 3
73	4	2.9	1	0 4
74	2	2.9	1	0 2
75	7	2.9	1	0 7
76	3	2.9	1	0 3
77	4	2.9	1	0 4
78	2	2.9	1	0 2
79	3	2.9	1	0 3
80	1	2.9	1	0 1
81	6	2.9	1	0 6
82	3	2.9	1	0 3
83	2	2.9	1	0 2
86	1	2.9	1	0 1
87	1	2.9	1	0 1
89	1	2.9	1	0 1
91	1	2.9	1	0 1
92	1	2.9	1	0 1

=== Adapter 2 ===

Sequence: ACACGTCTGAAC; Type: regular 3'; Length: 12; Trimmed: 799894 times.

No. of allowed errors:
0-9 bp: 0; 10-12 bp: 1

Bases preceding removed adapters:
  A: 23.6%
  C: 7.5%
  G: 29.8%
  T: 38.8%
  none/other: 0.3%

Overview of removed sequences
length	count	expect	max.err	error counts
2	696530	12242257.9	0	696530
3	60633	3060564.5	0	60633
4	8557	765141.1	0	8557
5	2459	191285.3	0	2459
6	798	47821.3	0	798
7	346	11955.3	0	346
8	5223	2988.8	0	5223
9	1170	747.2	0	1156 14
10	453	186.8	1	265 188
11	2342	46.7	1	1410 932
12	1870	11.7	1	1305 565
13	1818	11.7	1	1275 543
14	842	11.7	1	634 208
15	1239	11.7	1	897 342
16	1399	11.7	1	1031 368
17	1214	11.7	1	884 330
18	467	11.7	1	312 155
19	488	11.7	1	312 176
20	438	11.7	1	285 153
21	582	11.7	1	333 249
22	1119	11.7	1	695 424
23	325	11.7	1	220 105
24	590	11.7	1	359 231
25	263	11.7	1	173 90
26	468	11.7	1	312 156
27	414	11.7	1	253 161
28	626	11.7	1	379 247
29	476	11.7	1	281 195
30	127	11.7	1	85 42
31	226	11.7	1	138 88
32	284	11.7	1	185 99
33	136	11.7	1	92 44
34	257	11.7	1	163 94
35	177	11.7	1	111 66
36	381	11.7	1	243 138
37	112	11.7	1	75 37
38	192	11.7	1	122 70
39	297	11.7	1	184 113
40	145	11.7	1	87 58
41	131	11.7	1	82 49
42	111	11.7	1	64 47
43	109	11.7	1	60 49
44	101	11.7	1	68 33
45	93	11.7	1	59 34
46	120	11.7	1	73 47
47	54	11.7	1	39 15
48	72	11.7	1	43 29
49	137	11.7	1	87 50
50	227	11.7	1	171 56
51	268	11.7	1	245 23
52	180	11.7	1	153 27
53	126	11.7	1	105 21
54	112	11.7	1	102 10
55	75	11.7	1	69 6
56	42	11.7	1	32 10
57	28	11.7	1	25 3
58	21	11.7	1	18 3
59	17	11.7	1	13 4
60	28	11.7	1	20 8
61	49	11.7	1	34 15
62	55	11.7	1	47 8
63	38	11.7	1	31 7
64	29	11.7	1	23 6
65	26	11.7	1	20 6
66	18	11.7	1	16 2
67	12	11.7	1	9 3
68	6	11.7	1	5 1
69	5	11.7	1	5
70	9	11.7	1	7 2
71	6	11.7	1	6
72	4	11.7	1	4
73	8	11.7	1	6 2
74	8	11.7	1	7 1
75	10	11.7	1	10
76	5	11.7	1	5
77	4	11.7	1	2 2
78	6	11.7	1	6
79	11	11.7	1	7 4
80	5	11.7	1	4 1
81	10	11.7	1	7 3
82	12	11.7	1	11 1
83	12	11.7	1	11 1
84	13	11.7	1	10 3
85	10	11.7	1	6 4
86	9	11.7	1	5 4
87	13	11.7	1	10 3
88	20	11.7	1	18 2
89	13	11.7	1	12 1
90	12	11.7	1	10 2
91	13	11.7	1	9 4
92	14	11.7	1	11 3
93	7	11.7	1	6 1
94	10	11.7	1	9 1
95	8	11.7	1	7 1
96	12	11.7	1	9 3
97	13	11.7	1	10 3
98	20	11.7	1	13 7
99	19	11.7	1	17 2
100	24	11.7	1	17 7
101	37	11.7	1	34 3
102	75	11.7	1	53 22
103	138	11.7	1	104 34
104	311	11.7	1	249 62
105	651	11.7	1	465 186
106	569	11.7	1	275 294

=== Adapter 3 ===

Sequence: GTAGGGAAAGAGT; Type: regular 3'; Length: 13; Trimmed: 46423522 times.

No. of allowed errors:
0-9 bp: 0; 10-13 bp: 1

Bases preceding removed adapters:
  A: 16.2%
  C: 4.9%
  G: 28.4%
  T: 50.5%
  none/other: 0.0%

Overview of removed sequences
length	count	expect	max.err	error counts
1	22708724	48969031.8	0	22708724
2	17694357	12242257.9	0	17694357
3	4255801	3060564.5	0	4255801
4	1231260	765141.1	0	1231260
5	270963	191285.3	0	270963
6	61350	47821.3	0	61350
7	19320	11955.3	0	19320
8	5534	2988.8	0	5534
9	8869	747.2	0	1961 6908
10	17025	186.8	1	556 16469
11	8237	46.7	1	152 8085
12	3339	11.7	1	48 3291
13	1594	2.9	1	22 1572
14	1279	2.9	1	26 1253
15	1397	2.9	1	25 1372
16	1345	2.9	1	27 1318
17	1651	2.9	1	19 1632
18	1147	2.9	1	18 1129
19	1589	2.9	1	21 1568
20	1229	2.9	1	17 1212
21	1280	2.9	1	19 1261
22	1293	2.9	1	25 1268
23	1376	2.9	1	25 1351
24	1285	2.9	1	25 1260
25	1355	2.9	1	22 1333
26	1378	2.9	1	16 1362
27	1373	2.9	1	27 1346
28	1219	2.9	1	18 1201
29	1230	2.9	1	18 1212
30	1294	2.9	1	22 1272
31	1333	2.9	1	24 1309
32	1280	2.9	1	29 1251
33	1316	2.9	1	24 1292
34	1247	2.9	1	22 1225
35	1326	2.9	1	22 1304
36	1452	2.9	1	22 1430
37	1185	2.9	1	18 1167
38	1668	2.9	1	23 1645
39	1347	2.9	1	22 1325
40	1434	2.9	1	22 1412
41	1498	2.9	1	20 1478
42	1383	2.9	1	19 1364
43	1908	2.9	1	31 1877
44	1585	2.9	1	38 1547
45	1521	2.9	1	22 1499
46	1677	2.9	1	17 1660
47	1502	2.9	1	21 1481
48	1431	2.9	1	26 1405
49	1338	2.9	1	16 1322
50	1419	2.9	1	21 1398
51	1427	2.9	1	26 1401
52	1488	2.9	1	27 1461
53	1700	2.9	1	22 1678
54	1544	2.9	1	19 1525
55	1427	2.9	1	23 1404
56	1541	2.9	1	33 1508
57	1470	2.9	1	18 1452
58	1503	2.9	1	28 1475
59	1568	2.9	1	22 1546
60	1564	2.9	1	32 1532
61	1555	2.9	1	20 1535
62	1976	2.9	1	21 1955
63	1382	2.9	1	27 1355
64	1389	2.9	1	35 1354
65	1495	2.9	1	24 1471
66	1488	2.9	1	27 1461
67	1473	2.9	1	17 1456
68	1712	2.9	1	22 1690
69	1424	2.9	1	19 1405
70	1502	2.9	1	26 1476
71	1382	2.9	1	24 1358
72	1347	2.9	1	30 1317
73	1480	2.9	1	25 1455
74	1453	2.9	1	26 1427
75	1809	2.9	1	38 1771
76	1402	2.9	1	28 1374
77	1817	2.9	1	32 1785
78	1685	2.9	1	31 1654
79	1650	2.9	1	22 1628
80	1369	2.9	1	14 1355
81	1454	2.9	1	25 1429
82	1603	2.9	1	25 1578
83	1691	2.9	1	25 1666
84	1678	2.9	1	25 1653
85	1494	2.9	1	41 1453
86	1527	2.9	1	34 1493
87	1769	2.9	1	27 1742
88	2107	2.9	1	41 2066
89	1688	2.9	1	36 1652
90	1505	2.9	1	31 1474
91	1496	2.9	1	25 1471
92	1445	2.9	1	21 1424
93	1651	2.9	1	27 1624
94	1338	2.9	1	26 1312
95	1341	2.9	1	18 1323
96	1463	2.9	1	29 1434
97	1401	2.9	1	32 1369
98	1816	2.9	1	38 1778
99	1672	2.9	1	34 1638
100	1370	2.9	1	15 1355
101	1563	2.9	1	28 1535
102	1526	2.9	1	25 1501
103	1215	2.9	1	26 1189
104	1505	2.9	1	22 1483
105	1295	2.9	1	13 1282
106	944	2.9	1	17 927


RUN STATISTICS FOR INPUT FILE: /scratch/groups/ximenac/GSE134873/trim_galore_out/SRR9833662_1_val_1.fq.gz
=============================================
195876127 sequences processed in total
The length threshold of paired-end sequences gets evaluated later on (in the validation step)

Writing report to '/scratch/groups/ximenac/GSE134873/SRR9833662_2_val_2.fq.gz_trimming_report.txt'

SUMMARISING RUN PARAMETERS
==========================
Input filename: /scratch/groups/ximenac/GSE134873/trim_galore_out/SRR9833662_2_val_2.fq.gz
Trimming mode: paired-end
Trim Galore version: 0.6.10
Cutadapt version: 1.18
Python version: 3.6.1
Number of cores used for trimming: 4
Quality Phred score cutoff: 20
Quality encoding type selected: ASCII+33
Adapter sequence: ' AGATCGGAAGAGC -a ACACGTCTGAAC -a GTAGGGAAAGAGT' (user defined)
Maximum trimming error rate: 0.1 (default)
Maximum number of tolerated Ns: 20
Minimum required adapter overlap (stringency): 1 bp
Minimum required sequence length for both reads before a sequence pair gets removed: 15 bp
Running FastQC on the data once trimming has completed
Output file(s) will be GZIP compressed

Cutadapt seems to be reasonably up-to-date. Setting -j -j 4
Writing final adapter and quality trimmed output to SRR9833662_2_val_2_trimmed.fq.gz


  >>> Now performing quality (cutoff '-q 20') and adapter trimming in a single pass for the adapter sequence: ' AGATCGGAAGAGC -a ACACGTCTGAAC -a GTAGGGAAAGAGT' from file /scratch/groups/ximenac/GSE134873/trim_galore_out/SRR9833662_2_val_2.fq.gz <<< 
10000000 sequences processed
200000000 sequences processed
10000000 sequences processed
20000000 sequences processed
210000000 sequences processed
20000000 sequences processed
30000000 sequences processed
This is cutadapt 1.18 with Python 3.6.1
Command line parameters: -j 4 -e 0.1 -q 20 -O 1 -a AGATCGGAAGAGC -a ACACGTCTGAAC -a GTAGGGAAAGAGT /scratch/groups/ximenac/GSE134873/trim_galore_out/SRR9833664_1_val_1.fq.gz
Processing reads on 4 cores in single-end mode ...
Finished in 2291.87 s (11 us/read; 5.63 M reads/minute).

=== Summary ===

Total reads processed:             215,062,224
Reads with adapters:               116,871,840 (54.3%)
Reads written (passing filters):   215,062,224 (100.0%)

Total basepairs processed: 22,250,892,649 bp
Quality-trimmed:              93,822,317 bp (0.4%)
Total written (filtered):  21,968,690,708 bp (98.7%)

=== Adapter 1 ===

Sequence: AGATCGGAAGAGC; Type: regular 3'; Length: 13; Trimmed: 65019383 times.

No. of allowed errors:
0-9 bp: 0; 10-13 bp: 1

Bases preceding removed adapters:
  A: 37.7%
  C: 0.5%
  G: 18.4%
  T: 43.4%
  none/other: 0.0%

Overview of removed sequences
length	count	expect	max.err	error counts
1	46901139	53765556.0	0	46901139
2	12238314	13441389.0	0	12238314
3	4130465	3360347.2	0	4130465
4	1698942	840086.8	0	1698942
5	21053	210021.7	0	21053
6	9986	52505.4	0	9986
7	2372	13126.4	0	2372
8	973	3281.6	0	973
9	5098	820.4	0	746 4352
10	5336	205.1	1	161 5175
11	3679	51.3	1	77 3602
12	907	12.8	1	12 895
13	75	3.2	1	0 75
14	54	3.2	1	0 54
15	75	3.2	1	0 75
16	75	3.2	1	0 75
17	128	3.2	1	0 128
18	53	3.2	1	0 53
19	46	3.2	1	0 46
20	28	3.2	1	0 28
21	47	3.2	1	0 47
22	33	3.2	1	0 33
23	41	3.2	1	0 41
24	51	3.2	1	0 51
25	51	3.2	1	0 51
26	42	3.2	1	0 42
27	47	3.2	1	0 47
28	45	3.2	1	0 45
29	34	3.2	1	0 34
30	19	3.2	1	0 19
31	11	3.2	1	0 11
32	7	3.2	1	0 7
33	5	3.2	1	0 5
34	7	3.2	1	0 7
35	3	3.2	1	0 3
36	11	3.2	1	0 11
37	8	3.2	1	0 8
38	2	3.2	1	0 2
39	2	3.2	1	0 2
40	1	3.2	1	0 1
41	4	3.2	1	0 4
42	2	3.2	1	0 2
43	1	3.2	1	0 1
44	4	3.2	1	0 4
45	1	3.2	1	0 1
46	2	3.2	1	0 2
47	3	3.2	1	0 3
48	1	3.2	1	0 1
49	3	3.2	1	0 3
50	1	3.2	1	0 1
51	1	3.2	1	0 1
52	2	3.2	1	0 2
53	2	3.2	1	0 2
54	3	3.2	1	0 3
55	2	3.2	1	0 2
56	3	3.2	1	0 3
57	1	3.2	1	0 1
58	5	3.2	1	0 5
59	2	3.2	1	0 2
60	4	3.2	1	0 4
62	2	3.2	1	0 2
63	4	3.2	1	0 4
64	3	3.2	1	0 3
65	3	3.2	1	0 3
66	7	3.2	1	0 7
67	1	3.2	1	0 1
68	3	3.2	1	0 3
69	2	3.2	1	0 2
71	2	3.2	1	0 2
72	4	3.2	1	0 4
73	2	3.2	1	0 2
74	4	3.2	1	0 4
75	1	3.2	1	0 1
76	3	3.2	1	0 3
77	2	3.2	1	0 2
78	2	3.2	1	0 2
79	1	3.2	1	0 1
80	1	3.2	1	0 1
81	1	3.2	1	0 1
82	1	3.2	1	0 1
83	9	3.2	1	0 9
84	3	3.2	1	0 3
85	3	3.2	1	0 3
87	3	3.2	1	0 3
88	1	3.2	1	0 1
89	2	3.2	1	0 2
90	1	3.2	1	0 1

=== Adapter 2 ===

Sequence: ACACGTCTGAAC; Type: regular 3'; Length: 12; Trimmed: 916306 times.

No. of allowed errors:
0-9 bp: 0; 10-12 bp: 1

Bases preceding removed adapters:
  A: 23.6%
  C: 6.3%
  G: 31.9%
  T: 37.9%
  none/other: 0.2%

Overview of removed sequences
length	count	expect	max.err	error counts
2	808307	13441389.0	0	808307
3	69684	3360347.2	0	69684
4	9441	840086.8	0	9441
5	2456	210021.7	0	2456
6	746	52505.4	0	746
7	304	13126.4	0	304
8	4238	3281.6	0	4238
9	1041	820.4	0	1023 18
10	378	205.1	1	238 140
11	1754	51.3	1	1101 653
12	493	12.8	1	324 169
13	3043	12.8	1	1971 1072
14	533	12.8	1	405 128
15	868	12.8	1	633 235
16	1553	12.8	1	1107 446
17	927	12.8	1	730 197
18	367	12.8	1	247 120
19	378	12.8	1	258 120
20	273	12.8	1	158 115
21	384	12.8	1	228 156
22	381	12.8	1	231 150
23	467	12.8	1	303 164
24	783	12.8	1	492 291
25	133	12.8	1	95 38
26	765	12.8	1	458 307
27	239	12.8	1	163 76
28	434	12.8	1	268 166
29	316	12.8	1	192 124
30	81	12.8	1	50 31
31	194	12.8	1	127 67
32	245	12.8	1	139 106
33	125	12.8	1	78 47
34	200	12.8	1	119 81
35	151	12.8	1	97 54
36	319	12.8	1	188 131
37	93	12.8	1	55 38
38	170	12.8	1	110 60
39	211	12.8	1	118 93
40	109	12.8	1	62 47
41	107	12.8	1	60 47
42	97	12.8	1	66 31
43	112	12.8	1	69 43
44	91	12.8	1	44 47
45	75	12.8	1	48 27
46	106	12.8	1	57 49
47	44	12.8	1	27 17
48	74	12.8	1	44 30
49	87	12.8	1	50 37
50	147	12.8	1	113 34
51	157	12.8	1	136 21
52	102	12.8	1	82 20
53	67	12.8	1	62 5
54	53	12.8	1	47 6
55	40	12.8	1	33 7
56	24	12.8	1	22 2
57	11	12.8	1	10 1
58	9	12.8	1	6 3
59	10	12.8	1	8 2
60	12	12.8	1	8 4
61	19	12.8	1	15 4
62	31	12.8	1	26 5
63	15	12.8	1	10 5
64	19	12.8	1	15 4
65	13	12.8	1	10 3
66	9	12.8	1	7 2
67	9	12.8	1	8 1
68	8	12.8	1	6 2
69	8	12.8	1	5 3
70	2	12.8	1	1 1
71	11	12.8	1	10 1
72	6	12.8	1	4 2
73	7	12.8	1	5 2
74	7	12.8	1	6 1
75	7	12.8	1	5 2
76	8	12.8	1	8
77	7	12.8	1	5 2
78	6	12.8	1	4 2
79	4	12.8	1	3 1
80	5	12.8	1	4 1
81	7	12.8	1	5 2
82	7	12.8	1	5 2
83	6	12.8	1	4 2
84	5	12.8	1	5
85	8	12.8	1	7 1
86	14	12.8	1	9 5
87	10	12.8	1	5 5
88	10	12.8	1	5 5
89	14	12.8	1	10 4
90	14	12.8	1	7 7
91	7	12.8	1	7
92	11	12.8	1	10 1
93	9	12.8	1	8 1
94	12	12.8	1	9 3
95	11	12.8	1	4 7
96	15	12.8	1	8 7
97	16	12.8	1	14 2
98	16	12.8	1	14 2
99	16	12.8	1	13 3
100	17	12.8	1	16 1
101	30	12.8	1	19 11
102	63	12.8	1	44 19
103	137	12.8	1	100 37
104	327	12.8	1	247 80
105	654	12.8	1	444 210
106	660	12.8	1	315 345

=== Adapter 3 ===

Sequence: GTAGGGAAAGAGT; Type: regular 3'; Length: 13; Trimmed: 50936151 times.

No. of allowed errors:
0-9 bp: 0; 10-13 bp: 1

Bases preceding removed adapters:
  A: 16.1%
  C: 4.9%
  G: 28.5%
  T: 50.5%
  none/other: 0.0%

Overview of removed sequences
length	count	expect	max.err	error counts
1	24992010	53765556.0	0	24992010
2	19351126	13441389.0	0	19351126
3	4643032	3360347.2	0	4643032
4	1358576	840086.8	0	1358576
5	299226	210021.7	0	299226
6	68747	52505.4	0	68747
7	21378	13126.4	0	21378
8	6213	3281.6	0	6213
9	9954	820.4	0	2167 7787
10	19105	205.1	1	671 18434
11	9207	51.3	1	195 9012
12	3679	12.8	1	87 3592
13	1684	3.2	1	23 1661
14	1445	3.2	1	29 1416
15	1446	3.2	1	30 1416
16	1520	3.2	1	27 1493
17	1868	3.2	1	32 1836
18	1283	3.2	1	19 1264
19	1666	3.2	1	21 1645
20	1357	3.2	1	17 1340
21	1343	3.2	1	19 1324
22	1482	3.2	1	26 1456
23	1469	3.2	1	33 1436
24	1464	3.2	1	23 1441
25	1473	3.2	1	23 1450
26	1522	3.2	1	33 1489
27	1551	3.2	1	19 1532
28	1401	3.2	1	20 1381
29	1470	3.2	1	32 1438
30	1488	3.2	1	25 1463
31	1445	3.2	1	12 1433
32	1428	3.2	1	14 1414
33	1436	3.2	1	27 1409
34	1490	3.2	1	31 1459
35	1405	3.2	1	28 1377
36	1561	3.2	1	31 1530
37	1322	3.2	1	18 1304
38	1928	3.2	1	35 1893
39	1417	3.2	1	18 1399
40	1489	3.2	1	32 1457
41	1622	3.2	1	25 1597
42	1568	3.2	1	30 1538
43	2106	3.2	1	33 2073
44	1666	3.2	1	37 1629
45	1688	3.2	1	27 1661
46	1879	3.2	1	14 1865
47	1682	3.2	1	24 1658
48	1470	3.2	1	21 1449
49	1581	3.2	1	32 1549
50	1520	3.2	1	19 1501
51	1625	3.2	1	28 1597
52	1668	3.2	1	25 1643
53	1875	3.2	1	28 1847
54	1659	3.2	1	33 1626
55	1569	3.2	1	28 1541
56	1731	3.2	1	22 1709
57	1606	3.2	1	29 1577
58	1711	3.2	1	31 1680
59	1765	3.2	1	30 1735
60	1795	3.2	1	26 1769
61	1761	3.2	1	27 1734
62	2100	3.2	1	25 2075
63	1549	3.2	1	35 1514
64	1555	3.2	1	30 1525
65	1691	3.2	1	29 1662
66	1631	3.2	1	24 1607
67	1642	3.2	1	30 1612
68	1890	3.2	1	36 1854
69	1554	3.2	1	35 1519
70	1631	3.2	1	37 1594
71	1626	3.2	1	30 1596
72	1495	3.2	1	32 1463
73	1669	3.2	1	21 1648
74	1688	3.2	1	30 1658
75	1953	3.2	1	34 1919
76	1639	3.2	1	28 1611
77	2033	3.2	1	33 2000
78	1855	3.2	1	38 1817
79	1854	3.2	1	24 1830
80	1482	3.2	1	16 1466
81	1701	3.2	1	34 1667
82	1700	3.2	1	29 1671
83	1833	3.2	1	23 1810
84	1843	3.2	1	37 1806
85	1696	3.2	1	32 1664
86	1758	3.2	1	24 1734
87	2004	3.2	1	29 1975
88	2404	3.2	1	39 2365
89	1864	3.2	1	30 1834
90	1551	3.2	1	33 1518
91	1740	3.2	1	23 1717
92	1629	3.2	1	24 1605
93	1853	3.2	1	32 1821
94	1519	3.2	1	26 1493
95	1506	3.2	1	18 1488
96	1705	3.2	1	27 1678
97	1637	3.2	1	35 1602
98	1981	3.2	1	47 1934
99	1771	3.2	1	40 1731
100	1475	3.2	1	16 1459
101	1681	3.2	1	32 1649
102	1619	3.2	1	31 1588
103	1458	3.2	1	29 1429
104	1607	3.2	1	24 1583
105	1421	3.2	1	20 1401
106	1005	3.2	1	17 988


RUN STATISTICS FOR INPUT FILE: /scratch/groups/ximenac/GSE134873/trim_galore_out/SRR9833664_1_val_1.fq.gz
=============================================
215062224 sequences processed in total
The length threshold of paired-end sequences gets evaluated later on (in the validation step)

Writing report to '/scratch/groups/ximenac/GSE134873/SRR9833664_2_val_2.fq.gz_trimming_report.txt'

SUMMARISING RUN PARAMETERS
==========================
Input filename: /scratch/groups/ximenac/GSE134873/trim_galore_out/SRR9833664_2_val_2.fq.gz
Trimming mode: paired-end
Trim Galore version: 0.6.10
Cutadapt version: 1.18
Python version: 3.6.1
Number of cores used for trimming: 4
Quality Phred score cutoff: 20
Quality encoding type selected: ASCII+33
Adapter sequence: ' AGATCGGAAGAGC -a ACACGTCTGAAC -a GTAGGGAAAGAGT' (user defined)
Maximum trimming error rate: 0.1 (default)
Maximum number of tolerated Ns: 20
Minimum required adapter overlap (stringency): 1 bp
Minimum required sequence length for both reads before a sequence pair gets removed: 15 bp
Running FastQC on the data once trimming has completed
Output file(s) will be GZIP compressed

Cutadapt seems to be reasonably up-to-date. Setting -j -j 4
Writing final adapter and quality trimmed output to SRR9833664_2_val_2_trimmed.fq.gz


  >>> Now performing quality (cutoff '-q 20') and adapter trimming in a single pass for the adapter sequence: ' AGATCGGAAGAGC -a ACACGTCTGAAC -a GTAGGGAAAGAGT' from file /scratch/groups/ximenac/GSE134873/trim_galore_out/SRR9833664_2_val_2.fq.gz <<< 
40000000 sequences processed
30000000 sequences processed
10000000 sequences processed
50000000 sequences processed
40000000 sequences processed
20000000 sequences processed
60000000 sequences processed
50000000 sequences processed
30000000 sequences processed
70000000 sequences processed
60000000 sequences processed
40000000 sequences processed
80000000 sequences processed
70000000 sequences processed
50000000 sequences processed
90000000 sequences processed
80000000 sequences processed
60000000 sequences processed
100000000 sequences processed
90000000 sequences processed
70000000 sequences processed
110000000 sequences processed
100000000 sequences processed
80000000 sequences processed
120000000 sequences processed
110000000 sequences processed
130000000 sequences processed
90000000 sequences processed
120000000 sequences processed
140000000 sequences processed
100000000 sequences processed
130000000 sequences processed
150000000 sequences processed
110000000 sequences processed
160000000 sequences processed
140000000 sequences processed
120000000 sequences processed
170000000 sequences processed
150000000 sequences processed
130000000 sequences processed
180000000 sequences processed
160000000 sequences processed
140000000 sequences processed
190000000 sequences processed
170000000 sequences processed
150000000 sequences processed
200000000 sequences processed
180000000 sequences processed
160000000 sequences processed
This is cutadapt 1.18 with Python 3.6.1
Command line parameters: -j 4 -e 0.1 -q 20 -O 1 -a AGATCGGAAGAGC -a ACACGTCTGAAC -a GTAGGGAAAGAGT /scratch/groups/ximenac/GSE134873/trim_galore_out/SRR9833663_2_val_2.fq.gz
Processing reads on 4 cores in single-end mode ...
Finished in 1848.05 s (9 us/read; 6.76 M reads/minute).

=== Summary ===

Total reads processed:             208,181,433
Reads with adapters:               127,220,105 (61.1%)
Reads written (passing filters):   208,181,433 (100.0%)

Total basepairs processed: 18,322,182,590 bp
Quality-trimmed:              87,120,063 bp (0.5%)
Total written (filtered):  18,067,169,977 bp (98.6%)

=== Adapter 1 ===

Sequence: AGATCGGAAGAGC; Type: regular 3'; Length: 13; Trimmed: 97639971 times.

No. of allowed errors:
0-9 bp: 0; 10-13 bp: 1

Bases preceding removed adapters:
  A: 61.8%
  C: 9.1%
  G: 1.1%
  T: 28.0%
  none/other: 0.0%

Overview of removed sequences
length	count	expect	max.err	error counts
1	97002484	52045358.2	0	97002484
2	353261	13011339.6	0	353261
3	228951	3252834.9	0	228951
4	39391	813208.7	0	39391
5	9966	203302.2	0	9966
6	605	50825.5	0	605
7	386	12706.4	0	386
8	516	3176.6	0	516
9	631	794.1	0	595 36
10	675	198.5	1	97 578
11	1520	49.6	1	119 1401
12	351	12.4	1	109 242
13	993	3.1	1	0 993
14	7	3.1	1	0 7
15	3	3.1	1	0 3
16	5	3.1	1	0 5
17	5	3.1	1	0 5
18	4	3.1	1	0 4
19	4	3.1	1	0 4
20	3	3.1	1	0 3
21	2	3.1	1	0 2
22	1	3.1	1	0 1
23	3	3.1	1	0 3
24	5	3.1	1	0 5
25	2	3.1	1	0 2
26	4	3.1	1	0 4
27	2	3.1	1	0 2
28	1	3.1	1	0 1
29	2	3.1	1	0 2
30	2	3.1	1	0 2
31	1	3.1	1	0 1
32	4	3.1	1	0 4
33	1	3.1	1	0 1
34	3	3.1	1	0 3
36	2	3.1	1	0 2
37	1	3.1	1	0 1
38	1	3.1	1	0 1
40	3	3.1	1	0 3
42	1	3.1	1	0 1
43	5	3.1	1	0 5
44	1	3.1	1	0 1
45	1	3.1	1	0 1
47	1	3.1	1	0 1
48	1	3.1	1	0 1
49	2	3.1	1	0 2
50	6	3.1	1	0 6
51	7	3.1	1	0 7
52	3	3.1	1	0 3
53	4	3.1	1	0 4
54	6	3.1	1	0 6
55	2	3.1	1	0 2
56	4	3.1	1	0 4
57	3	3.1	1	0 3
58	3	3.1	1	0 3
59	9	3.1	1	0 9
60	2	3.1	1	0 2
61	5	3.1	1	0 5
62	7	3.1	1	0 7
63	8	3.1	1	0 8
64	7	3.1	1	0 7
65	5	3.1	1	0 5
66	7	3.1	1	0 7
67	5	3.1	1	0 5
68	3	3.1	1	0 3
69	6	3.1	1	0 6
70	4	3.1	1	0 4
71	7	3.1	1	0 7
72	10	3.1	1	0 10
73	7	3.1	1	0 7
74	6	3.1	1	0 6
75	7	3.1	1	0 7
76	4	3.1	1	0 4
77	5	3.1	1	0 5
78	3	3.1	1	0 3
79	3	3.1	1	0 3

=== Adapter 2 ===

Sequence: ACACGTCTGAAC; Type: regular 3'; Length: 12; Trimmed: 25885217 times.

No. of allowed errors:
0-9 bp: 0; 10-12 bp: 1

Bases preceding removed adapters:
  A: 54.8%
  C: 15.9%
  G: 1.4%
  T: 28.0%
  none/other: 0.0%

Overview of removed sequences
length	count	expect	max.err	error counts
2	16424703	13011339.6	0	16424703
3	7730424	3252834.9	0	7730424
4	1642211	813208.7	0	1642211
5	54459	203302.2	0	54459
6	16953	50825.5	0	16953
7	3438	12706.4	0	3438
8	1107	3176.6	0	1107
9	777	794.1	0	35 742
10	704	198.5	1	18 686
11	382	49.6	1	3 379
12	134	12.4	1	1 133
13	140	12.4	1	1 139
14	118	12.4	1	0 118
15	128	12.4	1	2 126
16	130	12.4	1	0 130
17	114	12.4	1	1 113
18	142	12.4	1	1 141
19	125	12.4	1	0 125
20	141	12.4	1	1 140
21	109	12.4	1	2 107
22	123	12.4	1	1 122
23	139	12.4	1	1 138
24	130	12.4	1	2 128
25	120	12.4	1	0 120
26	125	12.4	1	0 125
27	116	12.4	1	1 115
28	132	12.4	1	2 130
29	131	12.4	1	1 130
30	128	12.4	1	2 126
31	131	12.4	1	0 131
32	107	12.4	1	2 105
33	111	12.4	1	0 111
34	120	12.4	1	0 120
35	116	12.4	1	0 116
36	133	12.4	1	1 132
37	127	12.4	1	0 127
38	131	12.4	1	1 130
39	148	12.4	1	1 147
40	133	12.4	1	0 133
41	133	12.4	1	0 133
42	139	12.4	1	1 138
43	135	12.4	1	2 133
44	135	12.4	1	1 134
45	140	12.4	1	1 139
46	127	12.4	1	1 126
47	133	12.4	1	0 133
48	113	12.4	1	0 113
49	138	12.4	1	0 138
50	146	12.4	1	5 141
51	131	12.4	1	0 131
52	130	12.4	1	0 130
53	125	12.4	1	1 124
54	117	12.4	1	1 116
55	151	12.4	1	0 151
56	121	12.4	1	1 120
57	138	12.4	1	3 135
58	133	12.4	1	1 132
59	127	12.4	1	1 126
60	168	12.4	1	2 166
61	145	12.4	1	0 145
62	133	12.4	1	4 129
63	131	12.4	1	0 131
64	114	12.4	1	0 114
65	138	12.4	1	0 138
66	134	12.4	1	2 132
67	132	12.4	1	0 132
68	107	12.4	1	1 106
69	122	12.4	1	1 121
70	123	12.4	1	0 123
71	122	12.4	1	0 122
72	142	12.4	1	1 141
73	123	12.4	1	0 123
74	130	12.4	1	4 126
75	141	12.4	1	0 141
76	110	12.4	1	0 110
77	104	12.4	1	0 104
78	123	12.4	1	0 123
79	128	12.4	1	2 126
80	124	12.4	1	5 119
81	131	12.4	1	0 131
82	113	12.4	1	1 112
83	106	12.4	1	1 105
84	114	12.4	1	1 113
85	116	12.4	1	0 116
86	114	12.4	1	0 114
87	125	12.4	1	0 125
88	134	12.4	1	0 134
89	100	12.4	1	0 100
90	85	12.4	1	1 84
91	33	12.4	1	1 32

=== Adapter 3 ===

Sequence: GTAGGGAAAGAGT; Type: regular 3'; Length: 13; Trimmed: 3694917 times.

No. of allowed errors:
0-9 bp: 0; 10-13 bp: 1

Bases preceding removed adapters:
  A: 4.7%
  C: 70.8%
  G: 4.6%
  T: 19.9%
  none/other: 0.0%

Overview of removed sequences
length	count	expect	max.err	error counts
1	2279335	52045358.2	0	2279335
2	960946	13011339.6	0	960946
3	436566	3252834.9	0	436566
4	8593	813208.7	0	8593
5	3549	203302.2	0	3549
6	448	50825.5	0	448
7	309	12706.4	0	309
8	519	3176.6	0	519
9	645	794.1	0	612 33
10	230	198.5	1	106 124
11	416	49.6	1	222 194
12	300	12.4	1	163 137
13	201	3.1	1	113 88
14	65	3.1	1	34 31
15	159	3.1	1	90 69
16	190	3.1	1	101 89
17	66	3.1	1	37 29
18	186	3.1	1	81 105
19	168	3.1	1	85 83
20	46	3.1	1	15 31
21	150	3.1	1	76 74
22	170	3.1	1	83 87
23	46	3.1	1	21 25
24	76	3.1	1	34 42
25	154	3.1	1	81 73
26	86	3.1	1	23 63
27	74	3.1	1	25 49
28	82	3.1	1	31 51
29	58	3.1	1	32 26
30	49	3.1	1	29 20
31	68	3.1	1	34 34
32	61	3.1	1	28 33
33	78	3.1	1	38 40
34	143	3.1	1	74 69
35	77	3.1	1	39 38
36	40	3.1	1	15 25
37	28	3.1	1	7 21
38	22	3.1	1	10 12
39	19	3.1	1	10 9
40	24	3.1	1	12 12
41	31	3.1	1	15 16
42	16	3.1	1	7 9
43	24	3.1	1	7 17
44	23	3.1	1	9 14
45	20	3.1	1	10 10
46	24	3.1	1	9 15
47	13	3.1	1	4 9
48	16	3.1	1	5 11
49	22	3.1	1	7 15
50	16	3.1	1	6 10
51	17	3.1	1	4 13
52	11	3.1	1	4 7
53	13	3.1	1	6 7
54	5	3.1	1	2 3
55	16	3.1	1	4 12
56	11	3.1	1	3 8
57	9	3.1	1	4 5
58	7	3.1	1	0 7
59	2	3.1	1	0 2
60	7	3.1	1	1 6
61	3	3.1	1	0 3
62	1	3.1	1	0 1
63	8	3.1	1	0 8
64	5	3.1	1	0 5
65	3	3.1	1	0 3
66	4	3.1	1	0 4
67	5	3.1	1	0 5
68	4	3.1	1	0 4
69	2	3.1	1	0 2
70	2	3.1	1	0 2
71	3	3.1	1	0 3
72	7	3.1	1	0 7
73	8	3.1	1	1 7
74	3	3.1	1	0 3
75	4	3.1	1	0 4
76	5	3.1	1	0 5
77	6	3.1	1	0 6
78	5	3.1	1	0 5
79	7	3.1	1	0 7
80	7	3.1	1	0 7
81	6	3.1	1	0 6
82	7	3.1	1	0 7
83	8	3.1	1	2 6
84	6	3.1	1	0 6
85	7	3.1	1	0 7
86	5	3.1	1	0 5
87	12	3.1	1	0 12
88	7	3.1	1	0 7
89	6	3.1	1	0 6
90	9	3.1	1	0 9
91	7	3.1	1	0 7


RUN STATISTICS FOR INPUT FILE: /scratch/groups/ximenac/GSE134873/trim_galore_out/SRR9833663_2_val_2.fq.gz
=============================================
208181433 sequences processed in total
The length threshold of paired-end sequences gets evaluated later on (in the validation step)

Validate paired-end files SRR9833663_1_val_1_trimmed.fq.gz and SRR9833663_2_val_2_trimmed.fq.gz
file_1: SRR9833663_1_val_1_trimmed.fq.gz, file_2: SRR9833663_2_val_2_trimmed.fq.gz


>>>>> Now validing the length of the 2 paired-end infiles: SRR9833663_1_val_1_trimmed.fq.gz and SRR9833663_2_val_2_trimmed.fq.gz <<<<<
Writing validated paired-end Read 1 reads to SRR9833663_1_val_1_val_1.fq.gz
Writing validated paired-end Read 2 reads to SRR9833663_2_val_2_val_2.fq.gz

190000000 sequences processed
170000000 sequences processed
This is cutadapt 1.18 with Python 3.6.1
Command line parameters: -j 4 -e 0.1 -q 20 -O 1 -a AGATCGGAAGAGC -a ACACGTCTGAAC -a GTAGGGAAAGAGT /scratch/groups/ximenac/GSE134873/trim_galore_out/SRR9833662_2_val_2.fq.gz
Processing reads on 4 cores in single-end mode ...
Finished in 1910.42 s (10 us/read; 6.15 M reads/minute).

=== Summary ===

Total reads processed:             195,876,127
Reads with adapters:               121,029,162 (61.8%)
Reads written (passing filters):   195,876,127 (100.0%)

Total basepairs processed: 17,236,502,200 bp
Quality-trimmed:              89,040,899 bp (0.5%)
Total written (filtered):  16,988,720,549 bp (98.6%)

=== Adapter 1 ===

Sequence: AGATCGGAAGAGC; Type: regular 3'; Length: 13; Trimmed: 93731252 times.

No. of allowed errors:
0-9 bp: 0; 10-13 bp: 1

Bases preceding removed adapters:
  A: 62.7%
  C: 8.7%
  G: 0.9%
  T: 27.7%
  none/other: 0.0%

Overview of removed sequences
length	count	expect	max.err	error counts
1	93431245	48969031.8	0	93431245
2	148718	12242257.9	0	148718
3	120659	3060564.5	0	120659
4	19302	765141.1	0	19302
5	5223	191285.3	0	5223
6	447	47821.3	0	447
7	307	11955.3	0	307
8	484	2988.8	0	484
9	641	747.2	0	610 31
10	580	186.8	1	76 504
11	1721	46.7	1	122 1599
12	408	11.7	1	148 260
13	1315	2.9	1	0 1315
14	13	2.9	1	0 13
15	3	2.9	1	0 3
16	8	2.9	1	0 8
17	9	2.9	1	0 9
18	7	2.9	1	0 7
19	1	2.9	1	0 1
21	6	2.9	1	0 6
22	3	2.9	1	0 3
24	1	2.9	1	0 1
25	2	2.9	1	0 2
26	2	2.9	1	0 2
27	1	2.9	1	0 1
29	1	2.9	1	0 1
32	1	2.9	1	0 1
34	1	2.9	1	0 1
35	3	2.9	1	0 3
36	3	2.9	1	0 3
37	1	2.9	1	0 1
39	1	2.9	1	0 1
40	3	2.9	1	0 3
41	2	2.9	1	0 2
42	1	2.9	1	0 1
43	1	2.9	1	0 1
44	2	2.9	1	0 2
45	3	2.9	1	0 3
46	2	2.9	1	0 2
47	1	2.9	1	0 1
48	2	2.9	1	0 2
49	3	2.9	1	0 3
50	4	2.9	1	0 4
51	5	2.9	1	0 5
53	2	2.9	1	0 2
54	4	2.9	1	0 4
55	6	2.9	1	0 6
57	4	2.9	1	0 4
58	3	2.9	1	0 3
59	2	2.9	1	0 2
60	4	2.9	1	0 4
61	2	2.9	1	0 2
62	3	2.9	1	0 3
63	3	2.9	1	0 3
64	7	2.9	1	0 7
65	8	2.9	1	0 8
66	5	2.9	1	0 5
67	3	2.9	1	0 3
68	5	2.9	1	0 5
69	5	2.9	1	0 5
70	6	2.9	1	0 6
71	7	2.9	1	0 7
72	3	2.9	1	0 3
73	3	2.9	1	0 3
74	4	2.9	1	0 4
75	2	2.9	1	0 2
76	6	2.9	1	0 6
77	4	2.9	1	0 4
78	3	2.9	1	0 3
79	2	2.9	1	0 2

=== Adapter 2 ===

Sequence: ACACGTCTGAAC; Type: regular 3'; Length: 12; Trimmed: 24461215 times.

No. of allowed errors:
0-9 bp: 0; 10-12 bp: 1

Bases preceding removed adapters:
  A: 55.4%
  C: 15.6%
  G: 1.1%
  T: 27.9%
  none/other: 0.0%

Overview of removed sequences
length	count	expect	max.err	error counts
2	15465417	12242257.9	0	15465417
3	7367932	3060564.5	0	7367932
4	1548412	765141.1	0	1548412
5	49902	191285.3	0	49902
6	15521	47821.3	0	15521
7	3175	11955.3	0	3175
8	940	2988.8	0	940
9	564	747.2	0	21 543
10	619	186.8	1	15 604
11	339	46.7	1	0 339
12	118	11.7	1	0 118
13	96	11.7	1	1 95
14	105	11.7	1	0 105
15	98	11.7	1	0 98
16	112	11.7	1	0 112
17	107	11.7	1	0 107
18	100	11.7	1	0 100
19	106	11.7	1	0 106
20	117	11.7	1	0 117
21	95	11.7	1	0 95
22	98	11.7	1	1 97
23	108	11.7	1	0 108
24	96	11.7	1	0 96
25	125	11.7	1	0 125
26	108	11.7	1	0 108
27	108	11.7	1	3 105
28	92	11.7	1	0 92
29	120	11.7	1	0 120
30	114	11.7	1	0 114
31	98	11.7	1	0 98
32	106	11.7	1	0 106
33	116	11.7	1	1 115
34	105	11.7	1	0 105
35	103	11.7	1	0 103
36	112	11.7	1	0 112
37	131	11.7	1	0 131
38	100	11.7	1	1 99
39	103	11.7	1	0 103
40	106	11.7	1	0 106
41	104	11.7	1	0 104
42	102	11.7	1	0 102
43	118	11.7	1	0 118
44	109	11.7	1	0 109
45	131	11.7	1	0 131
46	102	11.7	1	1 101
47	105	11.7	1	1 104
48	91	11.7	1	0 91
49	100	11.7	1	0 100
50	111	11.7	1	0 111
51	106	11.7	1	0 106
52	112	11.7	1	0 112
53	135	11.7	1	0 135
54	108	11.7	1	1 107
55	116	11.7	1	0 116
56	117	11.7	1	0 117
57	101	11.7	1	0 101
58	111	11.7	1	0 111
59	127	11.7	1	0 127
60	109	11.7	1	0 109
61	103	11.7	1	0 103
62	120	11.7	1	1 119
63	116	11.7	1	0 116
64	109	11.7	1	0 109
65	106	11.7	1	0 106
66	78	11.7	1	0 78
67	97	11.7	1	0 97
68	114	11.7	1	0 114
69	118	11.7	1	0 118
70	93	11.7	1	0 93
71	97	11.7	1	0 97
72	88	11.7	1	0 88
73	109	11.7	1	1 108
74	115	11.7	1	0 115
75	99	11.7	1	0 99
76	97	11.7	1	1 96
77	120	11.7	1	1 119
78	94	11.7	1	0 94
79	87	11.7	1	0 87
80	100	11.7	1	0 100
81	109	11.7	1	0 109
82	90	11.7	1	0 90
83	92	11.7	1	0 92
84	111	11.7	1	0 111
85	118	11.7	1	1 117
86	108	11.7	1	0 108
87	84	11.7	1	1 83
88	84	11.7	1	0 84
89	90	11.7	1	1 89
90	100	11.7	1	0 100
91	30	11.7	1	0 30

=== Adapter 3 ===

Sequence: GTAGGGAAAGAGT; Type: regular 3'; Length: 13; Trimmed: 2836695 times.

No. of allowed errors:
0-9 bp: 0; 10-13 bp: 1

Bases preceding removed adapters:
  A: 2.4%
  C: 84.2%
  G: 2.8%
  T: 10.5%
  none/other: 0.0%
WARNING:
    The adapter is preceded by "C" extremely often.
    The provided adapter sequence could be incomplete at its 3' end.

Overview of removed sequences
length	count	expect	max.err	error counts
1	1723428	48969031.8	0	1723428
2	726654	12242257.9	0	726654
3	377190	3060564.5	0	377190
4	2996	765141.1	0	2996
5	545	191285.3	0	545
6	370	47821.3	0	370
7	316	11955.3	0	316
8	517	2988.8	0	517
9	659	747.2	0	638 21
10	230	186.8	1	107 123
11	419	46.7	1	215 204
12	268	11.7	1	133 135
13	192	2.9	1	107 85
14	74	2.9	1	43 31
15	130	2.9	1	68 62
16	210	2.9	1	118 92
17	54	2.9	1	29 25
18	182	2.9	1	100 82
19	201	2.9	1	105 96
20	54	2.9	1	14 40
21	161	2.9	1	71 90
22	163	2.9	1	87 76
23	46	2.9	1	21 25
24	91	2.9	1	32 59
25	166	2.9	1	95 71
26	82	2.9	1	39 43
27	68	2.9	1	38 30
28	91	2.9	1	43 48
29	58	2.9	1	27 31
30	29	2.9	1	15 14
31	72	2.9	1	43 29
32	77	2.9	1	34 43
33	70	2.9	1	39 31
34	156	2.9	1	89 67
35	82	2.9	1	41 41
36	51	2.9	1	23 28
37	33	2.9	1	14 19
38	37	2.9	1	16 21
39	21	2.9	1	8 13
40	24	2.9	1	9 15
41	29	2.9	1	13 16
42	29	2.9	1	8 21
43	9	2.9	1	1 8
44	26	2.9	1	8 18
45	22	2.9	1	8 14
46	25	2.9	1	11 14
47	21	2.9	1	4 17
48	20	2.9	1	7 13
49	10	2.9	1	7 3
50	20	2.9	1	8 12
51	20	2.9	1	7 13
52	10	2.9	1	4 6
53	14	2.9	1	3 11
54	12	2.9	1	4 8
55	8	2.9	1	3 5
56	9	2.9	1	1 8
58	2	2.9	1	0 2
59	1	2.9	1	0 1
60	3	2.9	1	0 3
61	4	2.9	1	0 4
62	4	2.9	1	0 4
63	2	2.9	1	1 1
64	2	2.9	1	0 2
65	1	2.9	1	0 1
66	2	2.9	1	0 2
67	1	2.9	1	0 1
69	3	2.9	1	0 3
70	3	2.9	1	0 3
71	4	2.9	1	0 4
72	2	2.9	1	0 2
73	2	2.9	1	0 2
74	3	2.9	1	0 3
75	4	2.9	1	1 3
76	7	2.9	1	0 7
77	7	2.9	1	0 7
78	3	2.9	1	0 3
79	5	2.9	1	0 5
80	6	2.9	1	0 6
81	5	2.9	1	1 4
82	3	2.9	1	0 3
83	6	2.9	1	0 6
84	3	2.9	1	0 3
85	5	2.9	1	0 5
86	5	2.9	1	0 5
87	8	2.9	1	0 8
88	15	2.9	1	0 15
89	10	2.9	1	0 10
90	12	2.9	1	0 12
91	1	2.9	1	0 1

WARNING:
    One or more of your adapter sequences may be incomplete.
    Please see the detailed output above.

RUN STATISTICS FOR INPUT FILE: /scratch/groups/ximenac/GSE134873/trim_galore_out/SRR9833662_2_val_2.fq.gz
=============================================
195876127 sequences processed in total
The length threshold of paired-end sequences gets evaluated later on (in the validation step)

Validate paired-end files SRR9833662_1_val_1_trimmed.fq.gz and SRR9833662_2_val_2_trimmed.fq.gz
file_1: SRR9833662_1_val_1_trimmed.fq.gz, file_2: SRR9833662_2_val_2_trimmed.fq.gz


>>>>> Now validing the length of the 2 paired-end infiles: SRR9833662_1_val_1_trimmed.fq.gz and SRR9833662_2_val_2_trimmed.fq.gz <<<<<
Writing validated paired-end Read 1 reads to SRR9833662_1_val_1_val_1.fq.gz
Writing validated paired-end Read 2 reads to SRR9833662_2_val_2_val_2.fq.gz

180000000 sequences processed
190000000 sequences processed
200000000 sequences processed
210000000 sequences processed
This is cutadapt 1.18 with Python 3.6.1
Command line parameters: -j 4 -e 0.1 -q 20 -O 1 -a AGATCGGAAGAGC -a ACACGTCTGAAC -a GTAGGGAAAGAGT /scratch/groups/ximenac/GSE134873/trim_galore_out/SRR9833664_2_val_2.fq.gz
Processing reads on 4 cores in single-end mode ...
Finished in 2102.85 s (10 us/read; 6.14 M reads/minute).

=== Summary ===

Total reads processed:             215,062,224
Reads with adapters:               132,589,573 (61.7%)
Reads written (passing filters):   215,062,224 (100.0%)

Total basepairs processed: 18,974,819,560 bp
Quality-trimmed:              97,672,931 bp (0.5%)
Total written (filtered):  18,703,267,913 bp (98.6%)

=== Adapter 1 ===

Sequence: AGATCGGAAGAGC; Type: regular 3'; Length: 13; Trimmed: 102603745 times.

No. of allowed errors:
0-9 bp: 0; 10-13 bp: 1

Bases preceding removed adapters:
  A: 62.7%
  C: 8.8%
  G: 0.9%
  T: 27.6%
  none/other: 0.0%

Overview of removed sequences
length	count	expect	max.err	error counts
1	102279835	53765556.0	0	102279835
2	169671	13441389.0	0	169671
3	121424	3360347.2	0	121424
4	22422	840086.8	0	22422
5	5472	210021.7	0	5472
6	426	52505.4	0	426
7	311	13126.4	0	311
8	467	3281.6	0	467
9	565	820.4	0	550 15
10	519	205.1	1	62 457
11	1456	51.3	1	103 1353
12	281	12.8	1	95 186
13	696	3.2	1	0 696
14	4	3.2	1	0 4
15	6	3.2	1	0 6
16	12	3.2	1	0 12
17	13	3.2	1	0 13
18	4	3.2	1	0 4
19	4	3.2	1	0 4
21	1	3.2	1	0 1
22	1	3.2	1	0 1
23	1	3.2	1	0 1
24	2	3.2	1	0 2
25	3	3.2	1	0 3
26	1	3.2	1	0 1
29	1	3.2	1	0 1
30	1	3.2	1	0 1
34	4	3.2	1	0 4
35	1	3.2	1	0 1
36	1	3.2	1	0 1
37	2	3.2	1	0 2
38	2	3.2	1	0 2
42	3	3.2	1	0 3
43	1	3.2	1	0 1
44	1	3.2	1	0 1
45	2	3.2	1	0 2
47	6	3.2	1	0 6
48	2	3.2	1	0 2
49	1	3.2	1	0 1
50	1	3.2	1	0 1
51	3	3.2	1	0 3
52	4	3.2	1	0 4
53	5	3.2	1	0 5
54	1	3.2	1	0 1
55	2	3.2	1	0 2
56	4	3.2	1	0 4
57	5	3.2	1	0 5
58	4	3.2	1	0 4
59	2	3.2	1	0 2
60	7	3.2	1	0 7
61	5	3.2	1	0 5
62	3	3.2	1	0 3
63	4	3.2	1	0 4
64	3	3.2	1	0 3
65	6	3.2	1	0 6
66	5	3.2	1	0 5
67	3	3.2	1	0 3
68	2	3.2	1	0 2
69	1	3.2	1	0 1
70	3	3.2	1	0 3
71	8	3.2	1	0 8
72	6	3.2	1	0 6
73	5	3.2	1	0 5
74	7	3.2	1	0 7
75	5	3.2	1	0 5
76	5	3.2	1	0 5
77	4	3.2	1	0 4
78	6	3.2	1	0 6
79	1	3.2	1	0 1

=== Adapter 2 ===

Sequence: ACACGTCTGAAC; Type: regular 3'; Length: 12; Trimmed: 26795069 times.

No. of allowed errors:
0-9 bp: 0; 10-12 bp: 1

Bases preceding removed adapters:
  A: 55.3%
  C: 15.7%
  G: 1.1%
  T: 27.8%
  none/other: 0.0%

Overview of removed sequences
length	count	expect	max.err	error counts
2	16955478	13441389.0	0	16955478
3	8053474	3360347.2	0	8053474
4	1698758	840086.8	0	1698758
5	54628	210021.7	0	54628
6	17281	52505.4	0	17281
7	3375	13126.4	0	3375
8	1074	3281.6	0	1074
9	664	820.4	0	25 639
10	624	205.1	1	15 609
11	383	51.3	1	2 381
12	133	12.8	1	0 133
13	117	12.8	1	0 117
14	106	12.8	1	1 105
15	132	12.8	1	0 132
16	127	12.8	1	0 127
17	133	12.8	1	1 132
18	112	12.8	1	0 112
19	131	12.8	1	0 131
20	81	12.8	1	0 81
21	127	12.8	1	0 127
22	108	12.8	1	0 108
23	119	12.8	1	0 119
24	124	12.8	1	0 124
25	112	12.8	1	1 111
26	113	12.8	1	0 113
27	123	12.8	1	0 123
28	118	12.8	1	0 118
29	138	12.8	1	0 138
30	131	12.8	1	0 131
31	119	12.8	1	0 119
32	130	12.8	1	0 130
33	100	12.8	1	1 99
34	115	12.8	1	0 115
35	110	12.8	1	0 110
36	138	12.8	1	0 138
37	136	12.8	1	0 136
38	109	12.8	1	0 109
39	114	12.8	1	0 114
40	108	12.8	1	0 108
41	141	12.8	1	0 141
42	136	12.8	1	2 134
43	113	12.8	1	0 113
44	103	12.8	1	1 102
45	107	12.8	1	0 107
46	136	12.8	1	1 135
47	121	12.8	1	2 119
48	122	12.8	1	0 122
49	133	12.8	1	0 133
50	119	12.8	1	0 119
51	132	12.8	1	1 131
52	128	12.8	1	1 127
53	137	12.8	1	0 137
54	137	12.8	1	1 136
55	112	12.8	1	0 112
56	119	12.8	1	0 119
57	120	12.8	1	0 120
58	127	12.8	1	0 127
59	131	12.8	1	1 130
60	128	12.8	1	0 128
61	123	12.8	1	1 122
62	123	12.8	1	0 123
63	122	12.8	1	1 121
64	89	12.8	1	1 88
65	124	12.8	1	0 124
66	111	12.8	1	0 111
67	101	12.8	1	0 101
68	106	12.8	1	0 106
69	115	12.8	1	0 115
70	95	12.8	1	0 95
71	119	12.8	1	0 119
72	103	12.8	1	0 103
73	110	12.8	1	0 110
74	117	12.8	1	0 117
75	104	12.8	1	0 104
76	117	12.8	1	1 116
77	130	12.8	1	1 129
78	114	12.8	1	0 114
79	108	12.8	1	0 108
80	123	12.8	1	0 123
81	114	12.8	1	0 114
82	103	12.8	1	0 103
83	112	12.8	1	0 112
84	135	12.8	1	1 134
85	104	12.8	1	0 104
86	112	12.8	1	0 112
87	86	12.8	1	1 85
88	110	12.8	1	0 110
89	98	12.8	1	0 98
90	96	12.8	1	0 96
91	40	12.8	1	0 40

=== Adapter 3 ===

Sequence: GTAGGGAAAGAGT; Type: regular 3'; Length: 13; Trimmed: 3190759 times.

No. of allowed errors:
0-9 bp: 0; 10-13 bp: 1

Bases preceding removed adapters:
  A: 2.5%
  C: 83.6%
  G: 2.8%
  T: 11.1%
  none/other: 0.0%
WARNING:
    The adapter is preceded by "C" extremely often.
    The provided adapter sequence could be incomplete at its 3' end.

Overview of removed sequences
length	count	expect	max.err	error counts
1	1934836	53765556.0	0	1934836
2	828274	13441389.0	0	828274
3	418711	3360347.2	0	418711
4	3549	840086.8	0	3549
5	578	210021.7	0	578
6	282	52505.4	0	282
7	279	13126.4	0	279
8	448	3281.6	0	448
9	557	820.4	0	544 13
10	165	205.1	1	59 106
11	369	51.3	1	167 202
12	195	12.8	1	98 97
13	159	3.2	1	88 71
14	57	3.2	1	29 28
15	115	3.2	1	52 63
16	182	3.2	1	92 90
17	53	3.2	1	26 27
18	138	3.2	1	78 60
19	157	3.2	1	84 73
20	45	3.2	1	19 26
21	115	3.2	1	59 56
22	135	3.2	1	70 65
23	38	3.2	1	14 24
24	64	3.2	1	28 36
25	137	3.2	1	67 70
26	41	3.2	1	18 23
27	42	3.2	1	13 29
28	75	3.2	1	37 38
29	46	3.2	1	22 24
30	30	3.2	1	15 15
31	57	3.2	1	29 28
32	64	3.2	1	29 35
33	54	3.2	1	32 22
34	121	3.2	1	69 52
35	71	3.2	1	38 33
36	35	3.2	1	18 17
37	22	3.2	1	9 13
38	25	3.2	1	6 19
39	20	3.2	1	8 12
40	13	3.2	1	7 6
41	16	3.2	1	4 12
42	11	3.2	1	9 2
43	14	3.2	1	8 6
44	13	3.2	1	3 10
45	23	3.2	1	8 15
46	10	3.2	1	5 5
47	16	3.2	1	7 9
48	13	3.2	1	5 8
49	18	3.2	1	2 16
50	18	3.2	1	9 9
51	14	3.2	1	3 11
52	11	3.2	1	3 8
53	11	3.2	1	5 6
54	9	3.2	1	1 8
55	9	3.2	1	3 6
56	15	3.2	1	5 10
57	5	3.2	1	0 5
58	3	3.2	1	0 3
59	1	3.2	1	0 1
60	4	3.2	1	1 3
61	2	3.2	1	0 2
62	5	3.2	1	1 4
63	4	3.2	1	0 4
64	2	3.2	1	0 2
65	6	3.2	1	1 5
66	1	3.2	1	0 1
67	2	3.2	1	0 2
68	3	3.2	1	1 2
69	2	3.2	1	0 2
70	5	3.2	1	0 5
71	2	3.2	1	0 2
72	5	3.2	1	0 5
73	6	3.2	1	0 6
74	4	3.2	1	0 4
75	6	3.2	1	1 5
76	3	3.2	1	0 3
77	4	3.2	1	0 4
78	7	3.2	1	0 7
79	5	3.2	1	0 5
80	7	3.2	1	0 7
81	4	3.2	1	0 4
82	8	3.2	1	0 8
83	2	3.2	1	0 2
84	9	3.2	1	0 9
85	6	3.2	1	0 6
86	6	3.2	1	0 6
87	9	3.2	1	0 9
88	14	3.2	1	0 14
89	15	3.2	1	0 15
90	13	3.2	1	0 13
91	4	3.2	1	0 4

WARNING:
    One or more of your adapter sequences may be incomplete.
    Please see the detailed output above.

RUN STATISTICS FOR INPUT FILE: /scratch/groups/ximenac/GSE134873/trim_galore_out/SRR9833664_2_val_2.fq.gz
=============================================
215062224 sequences processed in total
The length threshold of paired-end sequences gets evaluated later on (in the validation step)

Validate paired-end files SRR9833664_1_val_1_trimmed.fq.gz and SRR9833664_2_val_2_trimmed.fq.gz
file_1: SRR9833664_1_val_1_trimmed.fq.gz, file_2: SRR9833664_2_val_2_trimmed.fq.gz


>>>>> Now validing the length of the 2 paired-end infiles: SRR9833664_1_val_1_trimmed.fq.gz and SRR9833664_2_val_2_trimmed.fq.gz <<<<<
Writing validated paired-end Read 1 reads to SRR9833664_1_val_1_val_1.fq.gz
Writing validated paired-end Read 2 reads to SRR9833664_2_val_2_val_2.fq.gz

Total number of sequences analysed: 195876127

Number of sequence pairs removed because at least one read was shorter than the length cutoff (15 bp): 275563 (0.14%)
Number of sequence pairs removed because at least one read contained more N(s) than the specified limit of 20: 23926 (0.01%)


  >>> Now running FastQC on the validated data SRR9833662_1_val_1_val_1.fq.gz<<<

Started analysis of SRR9833662_1_val_1_val_1.fq.gz
Total number of sequences analysed: 208181433

Number of sequence pairs removed because at least one read was shorter than the length cutoff (15 bp): 277196 (0.13%)
Number of sequence pairs removed because at least one read contained more N(s) than the specified limit of 20: 25155 (0.01%)


  >>> Now running FastQC on the validated data SRR9833663_1_val_1_val_1.fq.gz<<<

Started analysis of SRR9833663_1_val_1_val_1.fq.gz
Approx 5% complete for SRR9833662_1_val_1_val_1.fq.gz
Approx 5% complete for SRR9833663_1_val_1_val_1.fq.gz
Approx 10% complete for SRR9833662_1_val_1_val_1.fq.gz
Approx 10% complete for SRR9833663_1_val_1_val_1.fq.gz
Approx 15% complete for SRR9833662_1_val_1_val_1.fq.gz
Approx 15% complete for SRR9833663_1_val_1_val_1.fq.gz
Approx 20% complete for SRR9833662_1_val_1_val_1.fq.gz
Approx 20% complete for SRR9833663_1_val_1_val_1.fq.gz
Approx 25% complete for SRR9833662_1_val_1_val_1.fq.gz
Approx 25% complete for SRR9833663_1_val_1_val_1.fq.gz
Approx 30% complete for SRR9833662_1_val_1_val_1.fq.gz
Approx 30% complete for SRR9833663_1_val_1_val_1.fq.gz
Approx 35% complete for SRR9833662_1_val_1_val_1.fq.gz
Approx 35% complete for SRR9833663_1_val_1_val_1.fq.gz
Total number of sequences analysed: 215062224

Number of sequence pairs removed because at least one read was shorter than the length cutoff (15 bp): 286059 (0.13%)
Number of sequence pairs removed because at least one read contained more N(s) than the specified limit of 20: 26011 (0.01%)


  >>> Now running FastQC on the validated data SRR9833664_1_val_1_val_1.fq.gz<<<

Started analysis of SRR9833664_1_val_1_val_1.fq.gz
Approx 40% complete for SRR9833662_1_val_1_val_1.fq.gz
Approx 40% complete for SRR9833663_1_val_1_val_1.fq.gz
Approx 5% complete for SRR9833664_1_val_1_val_1.fq.gz
Approx 45% complete for SRR9833662_1_val_1_val_1.fq.gz
Approx 45% complete for SRR9833663_1_val_1_val_1.fq.gz
Approx 50% complete for SRR9833662_1_val_1_val_1.fq.gz
Approx 10% complete for SRR9833664_1_val_1_val_1.fq.gz
Approx 50% complete for SRR9833663_1_val_1_val_1.fq.gz
Approx 55% complete for SRR9833662_1_val_1_val_1.fq.gz
Approx 15% complete for SRR9833664_1_val_1_val_1.fq.gz
Approx 55% complete for SRR9833663_1_val_1_val_1.fq.gz
Approx 60% complete for SRR9833662_1_val_1_val_1.fq.gz
Approx 20% complete for SRR9833664_1_val_1_val_1.fq.gz
Approx 60% complete for SRR9833663_1_val_1_val_1.fq.gz
Approx 65% complete for SRR9833662_1_val_1_val_1.fq.gz
Approx 25% complete for SRR9833664_1_val_1_val_1.fq.gz
Approx 65% complete for SRR9833663_1_val_1_val_1.fq.gz
Approx 70% complete for SRR9833662_1_val_1_val_1.fq.gz
Approx 70% complete for SRR9833663_1_val_1_val_1.fq.gz
Approx 30% complete for SRR9833664_1_val_1_val_1.fq.gz
Approx 75% complete for SRR9833662_1_val_1_val_1.fq.gz
Approx 75% complete for SRR9833663_1_val_1_val_1.fq.gz
Approx 35% complete for SRR9833664_1_val_1_val_1.fq.gz
Approx 80% complete for SRR9833662_1_val_1_val_1.fq.gz
Approx 80% complete for SRR9833663_1_val_1_val_1.fq.gz
Approx 85% complete for SRR9833662_1_val_1_val_1.fq.gz
Approx 40% complete for SRR9833664_1_val_1_val_1.fq.gz
Approx 85% complete for SRR9833663_1_val_1_val_1.fq.gz
Approx 90% complete for SRR9833662_1_val_1_val_1.fq.gz
Approx 45% complete for SRR9833664_1_val_1_val_1.fq.gz
Approx 90% complete for SRR9833663_1_val_1_val_1.fq.gz
Approx 95% complete for SRR9833662_1_val_1_val_1.fq.gz
Approx 50% complete for SRR9833664_1_val_1_val_1.fq.gz
Approx 95% complete for SRR9833663_1_val_1_val_1.fq.gz
Analysis complete for SRR9833662_1_val_1_val_1.fq.gz

  >>> Now running FastQC on the validated data SRR9833662_2_val_2_val_2.fq.gz<<<

Started analysis of SRR9833662_2_val_2_val_2.fq.gz
Approx 55% complete for SRR9833664_1_val_1_val_1.fq.gz
Analysis complete for SRR9833663_1_val_1_val_1.fq.gz

  >>> Now running FastQC on the validated data SRR9833663_2_val_2_val_2.fq.gz<<<

Approx 5% complete for SRR9833662_2_val_2_val_2.fq.gz
Started analysis of SRR9833663_2_val_2_val_2.fq.gz
Approx 60% complete for SRR9833664_1_val_1_val_1.fq.gz
Approx 10% complete for SRR9833662_2_val_2_val_2.fq.gz
Approx 5% complete for SRR9833663_2_val_2_val_2.fq.gz
Approx 65% complete for SRR9833664_1_val_1_val_1.fq.gz
Approx 15% complete for SRR9833662_2_val_2_val_2.fq.gz
Approx 10% complete for SRR9833663_2_val_2_val_2.fq.gz
Approx 20% complete for SRR9833662_2_val_2_val_2.fq.gz
Approx 15% complete for SRR9833663_2_val_2_val_2.fq.gz
Approx 70% complete for SRR9833664_1_val_1_val_1.fq.gz
Approx 25% complete for SRR9833662_2_val_2_val_2.fq.gz
Approx 20% complete for SRR9833663_2_val_2_val_2.fq.gz
Approx 75% complete for SRR9833664_1_val_1_val_1.fq.gz
Approx 30% complete for SRR9833662_2_val_2_val_2.fq.gz
Approx 25% complete for SRR9833663_2_val_2_val_2.fq.gz
Approx 80% complete for SRR9833664_1_val_1_val_1.fq.gz
Approx 35% complete for SRR9833662_2_val_2_val_2.fq.gz
Approx 30% complete for SRR9833663_2_val_2_val_2.fq.gz
Approx 85% complete for SRR9833664_1_val_1_val_1.fq.gz
Approx 40% complete for SRR9833662_2_val_2_val_2.fq.gz
Approx 35% complete for SRR9833663_2_val_2_val_2.fq.gz
Approx 45% complete for SRR9833662_2_val_2_val_2.fq.gz
Approx 90% complete for SRR9833664_1_val_1_val_1.fq.gz
Approx 40% complete for SRR9833663_2_val_2_val_2.fq.gz
Approx 50% complete for SRR9833662_2_val_2_val_2.fq.gz
Approx 45% complete for SRR9833663_2_val_2_val_2.fq.gz
Approx 95% complete for SRR9833664_1_val_1_val_1.fq.gz
Approx 55% complete for SRR9833662_2_val_2_val_2.fq.gz
Approx 50% complete for SRR9833663_2_val_2_val_2.fq.gz
Analysis complete for SRR9833664_1_val_1_val_1.fq.gz

  >>> Now running FastQC on the validated data SRR9833664_2_val_2_val_2.fq.gz<<<

Started analysis of SRR9833664_2_val_2_val_2.fq.gz
Approx 60% complete for SRR9833662_2_val_2_val_2.fq.gz
Approx 55% complete for SRR9833663_2_val_2_val_2.fq.gz
Approx 5% complete for SRR9833664_2_val_2_val_2.fq.gz
Approx 65% complete for SRR9833662_2_val_2_val_2.fq.gz
Approx 60% complete for SRR9833663_2_val_2_val_2.fq.gz
Approx 10% complete for SRR9833664_2_val_2_val_2.fq.gz
Approx 70% complete for SRR9833662_2_val_2_val_2.fq.gz
Approx 65% complete for SRR9833663_2_val_2_val_2.fq.gz
Approx 15% complete for SRR9833664_2_val_2_val_2.fq.gz
Approx 75% complete for SRR9833662_2_val_2_val_2.fq.gz
Approx 70% complete for SRR9833663_2_val_2_val_2.fq.gz
Approx 20% complete for SRR9833664_2_val_2_val_2.fq.gz
Approx 80% complete for SRR9833662_2_val_2_val_2.fq.gz
Approx 75% complete for SRR9833663_2_val_2_val_2.fq.gz
Approx 25% complete for SRR9833664_2_val_2_val_2.fq.gz
Approx 85% complete for SRR9833662_2_val_2_val_2.fq.gz
Approx 80% complete for SRR9833663_2_val_2_val_2.fq.gz
Approx 30% complete for SRR9833664_2_val_2_val_2.fq.gz
Approx 90% complete for SRR9833662_2_val_2_val_2.fq.gz
Approx 85% complete for SRR9833663_2_val_2_val_2.fq.gz
Approx 35% complete for SRR9833664_2_val_2_val_2.fq.gz
Approx 95% complete for SRR9833662_2_val_2_val_2.fq.gz
Approx 90% complete for SRR9833663_2_val_2_val_2.fq.gz
Approx 40% complete for SRR9833664_2_val_2_val_2.fq.gz
Analysis complete for SRR9833662_2_val_2_val_2.fq.gz
Deleting both intermediate output files SRR9833662_1_val_1_trimmed.fq.gz and SRR9833662_2_val_2_trimmed.fq.gz

====================================================================================================

Approx 95% complete for SRR9833663_2_val_2_val_2.fq.gz
Approx 45% complete for SRR9833664_2_val_2_val_2.fq.gz
Analysis complete for SRR9833663_2_val_2_val_2.fq.gz
Deleting both intermediate output files SRR9833663_1_val_1_trimmed.fq.gz and SRR9833663_2_val_2_trimmed.fq.gz

====================================================================================================

Approx 50% complete for SRR9833664_2_val_2_val_2.fq.gz
Approx 55% complete for SRR9833664_2_val_2_val_2.fq.gz
Approx 60% complete for SRR9833664_2_val_2_val_2.fq.gz
Approx 65% complete for SRR9833664_2_val_2_val_2.fq.gz
Approx 70% complete for SRR9833664_2_val_2_val_2.fq.gz
Approx 75% complete for SRR9833664_2_val_2_val_2.fq.gz
Approx 80% complete for SRR9833664_2_val_2_val_2.fq.gz
Approx 85% complete for SRR9833664_2_val_2_val_2.fq.gz
Approx 90% complete for SRR9833664_2_val_2_val_2.fq.gz
Approx 95% complete for SRR9833664_2_val_2_val_2.fq.gz
Analysis complete for SRR9833664_2_val_2_val_2.fq.gz
Deleting both intermediate output files SRR9833664_1_val_1_trimmed.fq.gz and SRR9833664_2_val_2_trimmed.fq.gz

====================================================================================================

