rm: cannot remove ‘/scratch/groups/ximenac/GSE134873/Bismark_Aligned/Global’: Is a directory
rmdir: failed to remove ‘/scratch/groups/ximenac/GSE134873/Bismark_Aligned’: Directory not empty
Bowtie 2 seems to be working fine (tested command '/share/software/user/open/bowtie2/2.3.4.1/bin/bowtie2 --version' [2.3.4])
Output format is BAM (default)
Alignments will be written out in BAM format. Samtools found here: '/share/software/user/open/samtools/1.16.1/bin/samtools'
Reference genome folder provided is /home/groups/ximenac/XCD_BSSeq/GSE134873/mouse_genome/	(absolute path is '/home/groups/ximenac/XCD_BSSeq/GSE134873/mouse_genome/)'
FastQ format assumed (by default)
Each Bowtie 2 instance is going to be run with 2 threads. Please monitor performance closely and tune down if necessary!

Input files to be analysed (in current folder '/scratch/groups/ximenac/GSE134873/Bismark_Aligned'):
/scratch/groups/ximenac/GSE134873/3M/SRR9833664_1_val_1_val_1.fq.gz
/scratch/groups/ximenac/GSE134873/3M/SRR9833664_2_val_2_val_2.fq.gz
Library is assumed to be strand-specific (directional), alignments to strands complementary to the original top or bottom strands will be ignored (i.e. not performed!)
Created output directory -q/!

Output will be written into the directory: /scratch/groups/ximenac/GSE134873/Bismark_Aligned/-q/
Summary of all aligner options:	-q --local --score-min G,20,8 -p 2 --reorder --ignore-quals --no-mixed --no-discordant --dovetail --maxins 500
Running Bismark Parallel version. Number of parallel instances to be spawned: 8

Current working directory is: /scratch/groups/ximenac/GSE134873/Bismark_Aligned

Now reading in and storing sequence information of the genome specified in: /home/groups/ximenac/XCD_BSSeq/GSE134873/mouse_genome/

chr chr1 (195154279 bp)
chr chr2 (181755017 bp)
chr chr3 (159745316 bp)
chr chr4 (156860686 bp)
chr chr5 (151758149 bp)
chr chr6 (149588044 bp)
chr chr7 (144995196 bp)
chr chr8 (130127694 bp)
chr chr9 (124359700 bp)
chr chr10 (130530862 bp)
chr chr11 (121973369 bp)
chr chr12 (120092757 bp)
chr chr13 (120883175 bp)
chr chr14 (125139656 bp)
chr chr15 (104073951 bp)
chr chr16 (98008968 bp)
chr chr17 (95294699 bp)
chr chr18 (90720763 bp)
chr chr19 (61420004 bp)
chr chrX (169476592 bp)
chr chrY (91455967 bp)
chr chrM (16299 bp)
chr GL456210.1 (169725 bp)
chr GL456211.1 (241735 bp)
chr GL456212.1 (153618 bp)
chr GL456219.1 (175968 bp)
chr GL456221.1 (206961 bp)
chr GL456233.2 (559103 bp)
chr GL456239.1 (40056 bp)
chr GL456354.1 (195993 bp)
chr GL456359.1 (22974 bp)
chr GL456360.1 (31704 bp)
chr GL456366.1 (47073 bp)
chr GL456367.1 (42057 bp)
chr GL456368.1 (20208 bp)
chr GL456370.1 (26764 bp)
chr GL456372.1 (28664 bp)
chr GL456378.1 (31602 bp)
chr GL456379.1 (72385 bp)
chr GL456381.1 (25871 bp)
chr GL456382.1 (23158 bp)
chr GL456383.1 (38659 bp)
chr GL456385.1 (35240 bp)
chr GL456387.1 (24685 bp)
chr GL456389.1 (28772 bp)
chr GL456390.1 (24668 bp)
chr GL456392.1 (23629 bp)
chr GL456394.1 (24323 bp)
chr GL456396.1 (21240 bp)
chr JH584295.1 (1976 bp)
chr JH584296.1 (199368 bp)
chr JH584297.1 (205776 bp)
chr JH584298.1 (184189 bp)
chr JH584299.1 (953012 bp)
chr JH584300.1 (182347 bp)
chr JH584301.1 (259875 bp)
chr JH584302.1 (155838 bp)
chr JH584303.1 (158099 bp)
chr JH584304.1 (114452 bp)
chr MU069434.1 (8412 bp)
chr MU069435.1 (31129 bp)


Paired-end alignments will be performed
=======================================

The provided filenames for paired-end alignments are /scratch/groups/ximenac/GSE134873/3M/SRR9833664_1_val_1_val_1.fq.gz and /scratch/groups/ximenac/GSE134873/3M/SRR9833664_2_val_2_val_2.fq.gz

Paired-end alignments will be performed
=======================================

The provided filenames for paired-end alignments are /scratch/groups/ximenac/GSE134873/3M/SRR9833664_1_val_1_val_1.fq.gz and /scratch/groups/ximenac/GSE134873/3M/SRR9833664_2_val_2_val_2.fq.gz

Paired-end alignments will be performed
=======================================

The provided filenames for paired-end alignments are /scratch/groups/ximenac/GSE134873/3M/SRR9833664_1_val_1_val_1.fq.gz and /scratch/groups/ximenac/GSE134873/3M/SRR9833664_2_val_2_val_2.fq.gz

Paired-end alignments will be performed
=======================================

The provided filenames for paired-end alignments are /scratch/groups/ximenac/GSE134873/3M/SRR9833664_1_val_1_val_1.fq.gz and /scratch/groups/ximenac/GSE134873/3M/SRR9833664_2_val_2_val_2.fq.gz

Paired-end alignments will be performed
=======================================

The provided filenames for paired-end alignments are /scratch/groups/ximenac/GSE134873/3M/SRR9833664_1_val_1_val_1.fq.gz and /scratch/groups/ximenac/GSE134873/3M/SRR9833664_2_val_2_val_2.fq.gz

Paired-end alignments will be performed
=======================================

The provided filenames for paired-end alignments are /scratch/groups/ximenac/GSE134873/3M/SRR9833664_1_val_1_val_1.fq.gz and /scratch/groups/ximenac/GSE134873/3M/SRR9833664_2_val_2_val_2.fq.gz

Paired-end alignments will be performed
=======================================

The provided filenames for paired-end alignments are /scratch/groups/ximenac/GSE134873/3M/SRR9833664_1_val_1_val_1.fq.gz and /scratch/groups/ximenac/GSE134873/3M/SRR9833664_2_val_2_val_2.fq.gz

Paired-end alignments will be performed
=======================================

The provided filenames for paired-end alignments are /scratch/groups/ximenac/GSE134873/3M/SRR9833664_1_val_1_val_1.fq.gz and /scratch/groups/ximenac/GSE134873/3M/SRR9833664_2_val_2_val_2.fq.gz
Finished subdividing /scratch/groups/ximenac/GSE134873/3M/SRR9833664_1_val_1_val_1.fq.gz for PID: 0 and offset 3 (sequences written out: 26847021)

Using the subset file >SRR9833664_1_val_1_val_1.fq.gz.temp.3.gz< as new in-file 1 (instead of >/scratch/groups/ximenac/GSE134873/3M/SRR9833664_1_val_1_val_1.fq.gz<)
Finished subdividing /scratch/groups/ximenac/GSE134873/3M/SRR9833664_1_val_1_val_1.fq.gz for PID: 0 and offset 6 (sequences written out: 26847020)

Using the subset file >SRR9833664_1_val_1_val_1.fq.gz.temp.6.gz< as new in-file 1 (instead of >/scratch/groups/ximenac/GSE134873/3M/SRR9833664_1_val_1_val_1.fq.gz<)
Finished subdividing /scratch/groups/ximenac/GSE134873/3M/SRR9833664_1_val_1_val_1.fq.gz for PID: 0 and offset 1 (sequences written out: 26847021)

Using the subset file >SRR9833664_1_val_1_val_1.fq.gz.temp.1.gz< as new in-file 1 (instead of >/scratch/groups/ximenac/GSE134873/3M/SRR9833664_1_val_1_val_1.fq.gz<)
Finished subdividing /scratch/groups/ximenac/GSE134873/3M/SRR9833664_1_val_1_val_1.fq.gz for PID: 0 and offset 5 (sequences written out: 26847021)

Using the subset file >SRR9833664_1_val_1_val_1.fq.gz.temp.5.gz< as new in-file 1 (instead of >/scratch/groups/ximenac/GSE134873/3M/SRR9833664_1_val_1_val_1.fq.gz<)
Finished subdividing /scratch/groups/ximenac/GSE134873/3M/SRR9833664_1_val_1_val_1.fq.gz for PID: 0 and offset 4 (sequences written out: 26847021)

Using the subset file >SRR9833664_1_val_1_val_1.fq.gz.temp.4.gz< as new in-file 1 (instead of >/scratch/groups/ximenac/GSE134873/3M/SRR9833664_1_val_1_val_1.fq.gz<)
Finished subdividing /scratch/groups/ximenac/GSE134873/3M/SRR9833664_1_val_1_val_1.fq.gz for PID: 0 and offset 7 (sequences written out: 26847020)

Using the subset file >SRR9833664_1_val_1_val_1.fq.gz.temp.7.gz< as new in-file 1 (instead of >/scratch/groups/ximenac/GSE134873/3M/SRR9833664_1_val_1_val_1.fq.gz<)
Finished subdividing /scratch/groups/ximenac/GSE134873/3M/SRR9833664_1_val_1_val_1.fq.gz for PID: 0 and offset 2 (sequences written out: 26847021)

Using the subset file >SRR9833664_1_val_1_val_1.fq.gz.temp.2.gz< as new in-file 1 (instead of >/scratch/groups/ximenac/GSE134873/3M/SRR9833664_1_val_1_val_1.fq.gz<)
Finished subdividing /scratch/groups/ximenac/GSE134873/3M/SRR9833664_1_val_1_val_1.fq.gz for PID: 100442 and offset 8 (sequences written out: 26847020)

Using the subset file >SRR9833664_1_val_1_val_1.fq.gz.temp.8.gz< as new in-file 1 (instead of >/scratch/groups/ximenac/GSE134873/3M/SRR9833664_1_val_1_val_1.fq.gz<)
Finished subdividing /scratch/groups/ximenac/GSE134873/3M/SRR9833664_2_val_2_val_2.fq.gz for PID: 0 and offset 1 (sequences written out: 26847021)

Using the subset file >SRR9833664_2_val_2_val_2.fq.gz.temp.1.gz< as new in-file 2 (instead of >/scratch/groups/ximenac/GSE134873/3M/SRR9833664_2_val_2_val_2.fq.gz<)
Input files are in FastQ format
Finished subdividing /scratch/groups/ximenac/GSE134873/3M/SRR9833664_2_val_2_val_2.fq.gz for PID: 0 and offset 6 (sequences written out: 26847020)

Using the subset file >SRR9833664_2_val_2_val_2.fq.gz.temp.6.gz< as new in-file 2 (instead of >/scratch/groups/ximenac/GSE134873/3M/SRR9833664_2_val_2_val_2.fq.gz<)
Input files are in FastQ format
Writing a C -> T converted version of the input file SRR9833664_1_val_1_val_1.fq.gz.temp.1.gz to SRR9833664_1_val_1_val_1.fq.gz.temp.1.gz_C_to_T.fastq.gz
Writing a C -> T converted version of the input file SRR9833664_1_val_1_val_1.fq.gz.temp.6.gz to SRR9833664_1_val_1_val_1.fq.gz.temp.6.gz_C_to_T.fastq.gz
Finished subdividing /scratch/groups/ximenac/GSE134873/3M/SRR9833664_2_val_2_val_2.fq.gz for PID: 0 and offset 4 (sequences written out: 26847021)

Using the subset file >SRR9833664_2_val_2_val_2.fq.gz.temp.4.gz< as new in-file 2 (instead of >/scratch/groups/ximenac/GSE134873/3M/SRR9833664_2_val_2_val_2.fq.gz<)
Input files are in FastQ format
Finished subdividing /scratch/groups/ximenac/GSE134873/3M/SRR9833664_2_val_2_val_2.fq.gz for PID: 0 and offset 7 (sequences written out: 26847020)

Using the subset file >SRR9833664_2_val_2_val_2.fq.gz.temp.7.gz< as new in-file 2 (instead of >/scratch/groups/ximenac/GSE134873/3M/SRR9833664_2_val_2_val_2.fq.gz<)
Input files are in FastQ format
Writing a C -> T converted version of the input file SRR9833664_1_val_1_val_1.fq.gz.temp.4.gz to SRR9833664_1_val_1_val_1.fq.gz.temp.4.gz_C_to_T.fastq.gz
Writing a C -> T converted version of the input file SRR9833664_1_val_1_val_1.fq.gz.temp.7.gz to SRR9833664_1_val_1_val_1.fq.gz.temp.7.gz_C_to_T.fastq.gz
Finished subdividing /scratch/groups/ximenac/GSE134873/3M/SRR9833664_2_val_2_val_2.fq.gz for PID: 0 and offset 5 (sequences written out: 26847021)

Using the subset file >SRR9833664_2_val_2_val_2.fq.gz.temp.5.gz< as new in-file 2 (instead of >/scratch/groups/ximenac/GSE134873/3M/SRR9833664_2_val_2_val_2.fq.gz<)
Input files are in FastQ format
Writing a C -> T converted version of the input file SRR9833664_1_val_1_val_1.fq.gz.temp.5.gz to SRR9833664_1_val_1_val_1.fq.gz.temp.5.gz_C_to_T.fastq.gz
Finished subdividing /scratch/groups/ximenac/GSE134873/3M/SRR9833664_2_val_2_val_2.fq.gz for PID: 0 and offset 2 (sequences written out: 26847021)

Using the subset file >SRR9833664_2_val_2_val_2.fq.gz.temp.2.gz< as new in-file 2 (instead of >/scratch/groups/ximenac/GSE134873/3M/SRR9833664_2_val_2_val_2.fq.gz<)
Input files are in FastQ format
Writing a C -> T converted version of the input file SRR9833664_1_val_1_val_1.fq.gz.temp.2.gz to SRR9833664_1_val_1_val_1.fq.gz.temp.2.gz_C_to_T.fastq.gz
Finished subdividing /scratch/groups/ximenac/GSE134873/3M/SRR9833664_2_val_2_val_2.fq.gz for PID: 0 and offset 3 (sequences written out: 26847021)

Using the subset file >SRR9833664_2_val_2_val_2.fq.gz.temp.3.gz< as new in-file 2 (instead of >/scratch/groups/ximenac/GSE134873/3M/SRR9833664_2_val_2_val_2.fq.gz<)
Input files are in FastQ format
Writing a C -> T converted version of the input file SRR9833664_1_val_1_val_1.fq.gz.temp.3.gz to SRR9833664_1_val_1_val_1.fq.gz.temp.3.gz_C_to_T.fastq.gz
Finished subdividing /scratch/groups/ximenac/GSE134873/3M/SRR9833664_2_val_2_val_2.fq.gz for PID: 100442 and offset 8 (sequences written out: 26847020)

Using the subset file >SRR9833664_2_val_2_val_2.fq.gz.temp.8.gz< as new in-file 2 (instead of >/scratch/groups/ximenac/GSE134873/3M/SRR9833664_2_val_2_val_2.fq.gz<)
Input files are in FastQ format
Writing a C -> T converted version of the input file SRR9833664_1_val_1_val_1.fq.gz.temp.8.gz to SRR9833664_1_val_1_val_1.fq.gz.temp.8.gz_C_to_T.fastq.gz

Created C -> T converted version of the FastQ file SRR9833664_1_val_1_val_1.fq.gz.temp.6.gz (26847020 sequences in total)

Writing a G -> A converted version of the input file SRR9833664_2_val_2_val_2.fq.gz.temp.6.gz to SRR9833664_2_val_2_val_2.fq.gz.temp.6.gz_G_to_A.fastq.gz

Created C -> T converted version of the FastQ file SRR9833664_1_val_1_val_1.fq.gz.temp.7.gz (26847020 sequences in total)

Writing a G -> A converted version of the input file SRR9833664_2_val_2_val_2.fq.gz.temp.7.gz to SRR9833664_2_val_2_val_2.fq.gz.temp.7.gz_G_to_A.fastq.gz

Created C -> T converted version of the FastQ file SRR9833664_1_val_1_val_1.fq.gz.temp.2.gz (26847021 sequences in total)

Writing a G -> A converted version of the input file SRR9833664_2_val_2_val_2.fq.gz.temp.2.gz to SRR9833664_2_val_2_val_2.fq.gz.temp.2.gz_G_to_A.fastq.gz

Created C -> T converted version of the FastQ file SRR9833664_1_val_1_val_1.fq.gz.temp.5.gz (26847021 sequences in total)

Writing a G -> A converted version of the input file SRR9833664_2_val_2_val_2.fq.gz.temp.5.gz to SRR9833664_2_val_2_val_2.fq.gz.temp.5.gz_G_to_A.fastq.gz

Created C -> T converted version of the FastQ file SRR9833664_1_val_1_val_1.fq.gz.temp.4.gz (26847021 sequences in total)

Writing a G -> A converted version of the input file SRR9833664_2_val_2_val_2.fq.gz.temp.4.gz to SRR9833664_2_val_2_val_2.fq.gz.temp.4.gz_G_to_A.fastq.gz

Created C -> T converted version of the FastQ file SRR9833664_1_val_1_val_1.fq.gz.temp.3.gz (26847021 sequences in total)

Writing a G -> A converted version of the input file SRR9833664_2_val_2_val_2.fq.gz.temp.3.gz to SRR9833664_2_val_2_val_2.fq.gz.temp.3.gz_G_to_A.fastq.gz

Created C -> T converted version of the FastQ file SRR9833664_1_val_1_val_1.fq.gz.temp.8.gz (26847020 sequences in total)

Writing a G -> A converted version of the input file SRR9833664_2_val_2_val_2.fq.gz.temp.8.gz to SRR9833664_2_val_2_val_2.fq.gz.temp.8.gz_G_to_A.fastq.gz

Created C -> T converted version of the FastQ file SRR9833664_1_val_1_val_1.fq.gz.temp.1.gz (26847021 sequences in total)

Writing a G -> A converted version of the input file SRR9833664_2_val_2_val_2.fq.gz.temp.1.gz to SRR9833664_2_val_2_val_2.fq.gz.temp.1.gz_G_to_A.fastq.gz
