Path to Cutadapt set as: 'cutadapt' (default)
Path to Cutadapt set as: 'cutadapt' (default)
Path to Cutadapt set as: 'cutadapt' (default)
Cutadapt seems to be working fine (tested command 'cutadapt --version')
Cutadapt seems to be working fine (tested command 'cutadapt --version')
Cutadapt seems to be working fine (tested command 'cutadapt --version')
Cutadapt version: 1.18
Cutadapt version: 1.18
Cutadapt version: 1.18
Cutadapt seems to be using Python 3! Proceeding with multi-core enabled Cutadapt using 4 cores
Cutadapt seems to be using Python 3! Proceeding with multi-core enabled Cutadapt using 4 cores
Cutadapt seems to be using Python 3! Proceeding with multi-core enabled Cutadapt using 4 cores
Parallel gzip (pigz) detected. Proceeding with multicore (de)compression using 4 cores

Parallel gzip (pigz) detected. Proceeding with multicore (de)compression using 4 cores

Parallel gzip (pigz) detected. Proceeding with multicore (de)compression using 4 cores

Proceeding with 'pigz -p 4' for decompression
To decrease CPU usage of decompression, please install 'igzip' and run again

Proceeding with 'pigz -p 4' for decompression
To decrease CPU usage of decompression, please install 'igzip' and run again

Output will be written into the directory: /scratch/groups/ximenac/GSE134873/trim_galore_out/
Output will be written into the directory: /scratch/groups/ximenac/GSE134873/trim_galore_out/
Proceeding with 'pigz -p 4' for decompression
To decrease CPU usage of decompression, please install 'igzip' and run again

Output will be written into the directory: /scratch/groups/ximenac/GSE134873/trim_galore_out/


AUTO-DETECTING ADAPTER TYPE
===========================
Attempting to auto-detect adapter type from the first 1 million sequences of the first file (>> /scratch/groups/ximenac/GSE134873/fastq/SRR9833664_1.fastq.gz <<)



AUTO-DETECTING ADAPTER TYPE
===========================
Attempting to auto-detect adapter type from the first 1 million sequences of the first file (>> /scratch/groups/ximenac/GSE134873/fastq/SRR9833663_1.fastq.gz <<)



AUTO-DETECTING ADAPTER TYPE
===========================
Attempting to auto-detect adapter type from the first 1 million sequences of the first file (>> /scratch/groups/ximenac/GSE134873/fastq/SRR9833662_1.fastq.gz <<)

Found perfect matches for the following adapter sequences:
Adapter type	Count	Sequence	Sequences analysed	Percentage
Illumina	47461	AGATCGGAAGAGC	1000000	4.75
smallRNA	0	TGGAATTCTCGG	1000000	0.00
Nextera	0	CTGTCTCTTATA	1000000	0.00
Using Illumina adapter for trimming (count: 47461). Second best hit was smallRNA (count: 0)

Writing report to '/scratch/groups/ximenac/GSE134873/trim_galore_out/SRR9833662_1.fastq.gz_trimming_report.txt'

SUMMARISING RUN PARAMETERS
==========================
Input filename: /scratch/groups/ximenac/GSE134873/fastq/SRR9833662_1.fastq.gz
Trimming mode: paired-end
Trim Galore version: 0.6.10
Cutadapt version: 1.18
Python version: 3.6.1
Number of cores used for trimming: 4
Quality Phred score cutoff: 20
Quality encoding type selected: ASCII+33
Adapter sequence: 'AGATCGGAAGAGC' (Illumina TruSeq, Sanger iPCR; auto-detected)
Maximum trimming error rate: 0.1 (default)
Minimum required adapter overlap (stringency): 1 bp
Minimum required sequence length for both reads before a sequence pair gets removed: 15 bp
Removing Ns from the start and end of reads
All Read 1 sequences will be trimmed by 10 bp from their 5' end to avoid poor qualities or biases
All Read 2 sequences will be trimmed by 20 bp from their 5' end to avoid poor qualities or biases (e.g. M-bias for BS-Seq applications)
All Read 1 sequences will be trimmed by 10 bp from their 3' end to avoid poor qualities or biases
All Read 2 sequences will be trimmed by 15 bp from their 3' end to avoid poor qualities or biases
Running FastQC on the data once trimming has completed
Output file(s) will be GZIP compressed

Cutadapt seems to be reasonably up-to-date. Setting -j 4
Writing final adapter and quality trimmed output to SRR9833662_1_trimmed.fq.gz


  >>> Now performing quality (cutoff '-q 20') and adapter trimming in a single pass for the adapter sequence: 'AGATCGGAAGAGC' from file /scratch/groups/ximenac/GSE134873/fastq/SRR9833662_1.fastq.gz <<< 
Found perfect matches for the following adapter sequences:
Adapter type	Count	Sequence	Sequences analysed	Percentage
Illumina	47506	AGATCGGAAGAGC	1000000	4.75
smallRNA	0	TGGAATTCTCGG	1000000	0.00
Nextera	0	CTGTCTCTTATA	1000000	0.00
Using Illumina adapter for trimming (count: 47506). Second best hit was smallRNA (count: 0)

Writing report to '/scratch/groups/ximenac/GSE134873/trim_galore_out/SRR9833663_1.fastq.gz_trimming_report.txt'

SUMMARISING RUN PARAMETERS
==========================
Input filename: /scratch/groups/ximenac/GSE134873/fastq/SRR9833663_1.fastq.gz
Trimming mode: paired-end
Trim Galore version: 0.6.10
Cutadapt version: 1.18
Python version: 3.6.1
Number of cores used for trimming: 4
Quality Phred score cutoff: 20
Quality encoding type selected: ASCII+33
Adapter sequence: 'AGATCGGAAGAGC' (Illumina TruSeq, Sanger iPCR; auto-detected)
Maximum trimming error rate: 0.1 (default)
Minimum required adapter overlap (stringency): 1 bp
Minimum required sequence length for both reads before a sequence pair gets removed: 15 bp
Removing Ns from the start and end of reads
All Read 1 sequences will be trimmed by 10 bp from their 5' end to avoid poor qualities or biases
All Read 2 sequences will be trimmed by 20 bp from their 5' end to avoid poor qualities or biases (e.g. M-bias for BS-Seq applications)
All Read 1 sequences will be trimmed by 10 bp from their 3' end to avoid poor qualities or biases
All Read 2 sequences will be trimmed by 15 bp from their 3' end to avoid poor qualities or biases
Running FastQC on the data once trimming has completed
Output file(s) will be GZIP compressed

Cutadapt seems to be reasonably up-to-date. Setting -j 4
Writing final adapter and quality trimmed output to SRR9833663_1_trimmed.fq.gz


  >>> Now performing quality (cutoff '-q 20') and adapter trimming in a single pass for the adapter sequence: 'AGATCGGAAGAGC' from file /scratch/groups/ximenac/GSE134873/fastq/SRR9833663_1.fastq.gz <<< 
Found perfect matches for the following adapter sequences:
Adapter type	Count	Sequence	Sequences analysed	Percentage
Illumina	37376	AGATCGGAAGAGC	1000000	3.74
smallRNA	0	TGGAATTCTCGG	1000000	0.00
Nextera	0	CTGTCTCTTATA	1000000	0.00
Using Illumina adapter for trimming (count: 37376). Second best hit was smallRNA (count: 0)

Writing report to '/scratch/groups/ximenac/GSE134873/trim_galore_out/SRR9833664_1.fastq.gz_trimming_report.txt'

SUMMARISING RUN PARAMETERS
==========================
Input filename: /scratch/groups/ximenac/GSE134873/fastq/SRR9833664_1.fastq.gz
Trimming mode: paired-end
Trim Galore version: 0.6.10
Cutadapt version: 1.18
Python version: 3.6.1
Number of cores used for trimming: 4
Quality Phred score cutoff: 20
Quality encoding type selected: ASCII+33
Adapter sequence: 'AGATCGGAAGAGC' (Illumina TruSeq, Sanger iPCR; auto-detected)
Maximum trimming error rate: 0.1 (default)
Minimum required adapter overlap (stringency): 1 bp
Minimum required sequence length for both reads before a sequence pair gets removed: 15 bp
Removing Ns from the start and end of reads
All Read 1 sequences will be trimmed by 10 bp from their 5' end to avoid poor qualities or biases
All Read 2 sequences will be trimmed by 20 bp from their 5' end to avoid poor qualities or biases (e.g. M-bias for BS-Seq applications)
All Read 1 sequences will be trimmed by 10 bp from their 3' end to avoid poor qualities or biases
All Read 2 sequences will be trimmed by 15 bp from their 3' end to avoid poor qualities or biases
Running FastQC on the data once trimming has completed
Output file(s) will be GZIP compressed

Cutadapt seems to be reasonably up-to-date. Setting -j 4
Writing final adapter and quality trimmed output to SRR9833664_1_trimmed.fq.gz


  >>> Now performing quality (cutoff '-q 20') and adapter trimming in a single pass for the adapter sequence: 'AGATCGGAAGAGC' from file /scratch/groups/ximenac/GSE134873/fastq/SRR9833664_1.fastq.gz <<< 
10000000 sequences processed
10000000 sequences processed
10000000 sequences processed
20000000 sequences processed
20000000 sequences processed
20000000 sequences processed
30000000 sequences processed
30000000 sequences processed
30000000 sequences processed
40000000 sequences processed
40000000 sequences processed
40000000 sequences processed
50000000 sequences processed
50000000 sequences processed
50000000 sequences processed
60000000 sequences processed
60000000 sequences processed
60000000 sequences processed
70000000 sequences processed
70000000 sequences processed
70000000 sequences processed
80000000 sequences processed
80000000 sequences processed
80000000 sequences processed
90000000 sequences processed
90000000 sequences processed
90000000 sequences processed
100000000 sequences processed
100000000 sequences processed
100000000 sequences processed
110000000 sequences processed
110000000 sequences processed
110000000 sequences processed
120000000 sequences processed
120000000 sequences processed
120000000 sequences processed
130000000 sequences processed
130000000 sequences processed
130000000 sequences processed
140000000 sequences processed
140000000 sequences processed
140000000 sequences processed
150000000 sequences processed
150000000 sequences processed
150000000 sequences processed
160000000 sequences processed
160000000 sequences processed
160000000 sequences processed
170000000 sequences processed
170000000 sequences processed
170000000 sequences processed
180000000 sequences processed
180000000 sequences processed
180000000 sequences processed
190000000 sequences processed
190000000 sequences processed
190000000 sequences processed
This is cutadapt 1.18 with Python 3.6.1
Command line parameters: -j 4 -e 0.1 -q 20 -O 1 --trim-n -a AGATCGGAAGAGC /scratch/groups/ximenac/GSE134873/fastq/SRR9833662_1.fastq.gz
Processing reads on 4 cores in single-end mode ...
Finished in 1561.54 s (8 us/read; 7.61 M reads/minute).

=== Summary ===

Total reads processed:             198,056,601
Reads with adapters:                69,896,539 (35.3%)
Reads written (passing filters):   198,056,601 (100.0%)

Total basepairs processed: 24,955,131,726 bp
Quality-trimmed:             233,896,938 bp (0.9%)
Total written (filtered):  24,279,955,006 bp (97.3%)

=== Adapter 1 ===

Sequence: AGATCGGAAGAGC; Type: regular 3'; Length: 13; Trimmed: 69896539 times.

No. of allowed errors:
0-9 bp: 0; 10-13 bp: 1

Bases preceding removed adapters:
  A: 29.4%
  C: 20.6%
  G: 12.5%
  T: 37.1%
  none/other: 0.4%

Overview of removed sequences
length	count	expect	max.err	error counts
1	40072213	49514150.2	0	40072213
2	10044507	12378537.6	0	10044507
3	3825420	3094634.4	0	3825420
4	2269696	773658.6	0	2269696
5	620801	193414.6	0	620801
6	623353	48353.7	0	623353
7	496285	12088.4	0	496285
8	533432	3022.1	0	533432
9	716017	755.5	0	712969 3048
10	413011	188.9	1	395885 17126
11	550397	47.2	1	527727 22670
12	447779	11.8	1	430174 17605
13	421372	3.0	1	406326 15046
14	482160	3.0	1	461982 20178
15	367729	3.0	1	353492 14237
16	387259	3.0	1	368513 18746
17	433872	3.0	1	412430 21442
18	267309	3.0	1	259394 7915
19	469485	3.0	1	440168 29317
20	205350	3.0	1	200282 5068
21	463843	3.0	1	430570 33273
22	221406	3.0	1	211146 10260
23	265950	3.0	1	254863 11087
24	322756	3.0	1	306951 15805
25	188787	3.0	1	183260 5527
26	253329	3.0	1	238047 15282
27	230023	3.0	1	219792 10231
28	217084	3.0	1	209249 7835
29	210578	3.0	1	202467 8111
30	116724	3.0	1	113182 3542
31	202152	3.0	1	191215 10937
32	165506	3.0	1	159970 5536
33	112424	3.0	1	108323 4101
34	147132	3.0	1	140115 7017
35	227269	3.0	1	216328 10941
36	96171	3.0	1	93066 3105
37	89445	3.0	1	87192 2253
38	97719	3.0	1	93788 3931
39	82150	3.0	1	80165 1985
40	115612	3.0	1	110464 5148
41	140746	3.0	1	137024 3722
42	36687	3.0	1	34708 1979
43	71530	3.0	1	69681 1849
44	42993	3.0	1	41339 1654
45	76292	3.0	1	73698 2594
46	48973	3.0	1	47873 1100
47	64961	3.0	1	62300 2661
48	51965	3.0	1	50523 1442
49	70407	3.0	1	67758 2649
50	27466	3.0	1	26617 849
51	48708	3.0	1	46843 1865
52	64710	3.0	1	62210 2500
53	38226	3.0	1	37368 858
54	15717	3.0	1	15018 699
55	45323	3.0	1	44243 1080
56	30010	3.0	1	29184 826
57	20538	3.0	1	19751 787
58	32502	3.0	1	31817 685
59	28696	3.0	1	27757 939
60	14485	3.0	1	14074 411
61	29875	3.0	1	29082 793
62	27106	3.0	1	26243 863
63	25094	3.0	1	24223 871
64	16804	3.0	1	16422 382
65	16832	3.0	1	16352 480
66	18727	3.0	1	18187 540
67	21622	3.0	1	20983 639
68	21332	3.0	1	20683 649
69	25918	3.0	1	25222 696
70	28891	3.0	1	28183 708
71	28180	3.0	1	27537 643
72	31973	3.0	1	31153 820
73	51043	3.0	1	49123 1920
74	173147	3.0	1	169250 3897
75	224905	3.0	1	221322 3583
76	127953	3.0	1	125697 2256
77	88627	3.0	1	87042 1585
78	57307	3.0	1	56302 1005
79	31365	3.0	1	30817 548
80	17584	3.0	1	17226 358
81	8877	3.0	1	8709 168
82	5863	3.0	1	5715 148
83	4591	3.0	1	4448 143
84	4531	3.0	1	4412 119
85	4446	3.0	1	4319 127
86	4367	3.0	1	4244 123
87	4261	3.0	1	4141 120
88	3971	3.0	1	3856 115
89	3784	3.0	1	3666 118
90	3821	3.0	1	3718 103
91	4560	3.0	1	4463 97
92	4650	3.0	1	4545 105
93	5561	3.0	1	5441 120
94	6630	3.0	1	6505 125
95	8392	3.0	1	8242 150
96	10873	3.0	1	10673 200
97	13528	3.0	1	13264 264
98	13990	3.0	1	13728 262
99	13474	3.0	1	13197 277
100	11953	3.0	1	11727 226
101	9446	3.0	1	9296 150
102	8303	3.0	1	8156 147
103	8283	3.0	1	8114 169
104	7319	3.0	1	7170 149
105	6415	3.0	1	6234 181
106	5703	3.0	1	5528 175
107	5889	3.0	1	5732 157
108	6315	3.0	1	6187 128
109	6814	3.0	1	6695 119
110	7917	3.0	1	7800 117
111	8202	3.0	1	8079 123
112	8678	3.0	1	8541 137
113	7661	3.0	1	7501 160
114	6366	3.0	1	6256 110
115	5631	3.0	1	5524 107
116	4990	3.0	1	4877 113
117	4629	3.0	1	4518 111
118	4857	3.0	1	4765 92
119	4217	3.0	1	4114 103
120	4523	3.0	1	4419 104
121	5768	3.0	1	5635 133
122	5299	3.0	1	5142 157
123	4069	3.0	1	3927 142
124	20044	3.0	1	19505 539
125	11058	3.0	1	9987 1071
126	67293	3.0	1	60491 6802


RUN STATISTICS FOR INPUT FILE: /scratch/groups/ximenac/GSE134873/fastq/SRR9833662_1.fastq.gz
=============================================
198056601 sequences processed in total
The length threshold of paired-end sequences gets evaluated later on (in the validation step)

Writing report to '/scratch/groups/ximenac/GSE134873/trim_galore_out/SRR9833662_2.fastq.gz_trimming_report.txt'

SUMMARISING RUN PARAMETERS
==========================
Input filename: /scratch/groups/ximenac/GSE134873/fastq/SRR9833662_2.fastq.gz
Trimming mode: paired-end
Trim Galore version: 0.6.10
Cutadapt version: 1.18
Python version: 3.6.1
Number of cores used for trimming: 4
Quality Phred score cutoff: 20
Quality encoding type selected: ASCII+33
Adapter sequence: 'AGATCGGAAGAGC' (Illumina TruSeq, Sanger iPCR; auto-detected)
Maximum trimming error rate: 0.1 (default)
Minimum required adapter overlap (stringency): 1 bp
Minimum required sequence length for both reads before a sequence pair gets removed: 15 bp
Removing Ns from the start and end of reads
All Read 1 sequences will be trimmed by 10 bp from their 5' end to avoid poor qualities or biases
All Read 2 sequences will be trimmed by 20 bp from their 5' end to avoid poor qualities or biases (e.g. M-bias for BS-Seq applications)
All Read 1 sequences will be trimmed by 10 bp from their 3' end to avoid poor qualities or biases
All Read 2 sequences will be trimmed by 15 bp from their 3' end to avoid poor qualities or biases
Running FastQC on the data once trimming has completed
Output file(s) will be GZIP compressed

Cutadapt seems to be reasonably up-to-date. Setting -j -j 4
Writing final adapter and quality trimmed output to SRR9833662_2_trimmed.fq.gz


  >>> Now performing quality (cutoff '-q 20') and adapter trimming in a single pass for the adapter sequence: 'AGATCGGAAGAGC' from file /scratch/groups/ximenac/GSE134873/fastq/SRR9833662_2.fastq.gz <<< 
200000000 sequences processed
200000000 sequences processed
10000000 sequences processed
210000000 sequences processed
210000000 sequences processed
This is cutadapt 1.18 with Python 3.6.1
Command line parameters: -j 4 -e 0.1 -q 20 -O 1 --trim-n -a AGATCGGAAGAGC /scratch/groups/ximenac/GSE134873/fastq/SRR9833663_1.fastq.gz
Processing reads on 4 cores in single-end mode ...
Finished in 1699.14 s (8 us/read; 7.42 M reads/minute).

=== Summary ===

Total reads processed:             210,105,929
Reads with adapters:                75,648,392 (36.0%)
Reads written (passing filters):   210,105,929 (100.0%)

Total basepairs processed: 26,473,347,054 bp
Quality-trimmed:             252,773,714 bp (1.0%)
Total written (filtered):  25,772,208,785 bp (97.4%)

=== Adapter 1 ===

Sequence: AGATCGGAAGAGC; Type: regular 3'; Length: 13; Trimmed: 75648392 times.

No. of allowed errors:
0-9 bp: 0; 10-13 bp: 1

Bases preceding removed adapters:
  A: 29.4%
  C: 21.1%
  G: 12.6%
  T: 36.7%
  none/other: 0.3%

Overview of removed sequences
length	count	expect	max.err	error counts
1	43457373	52526482.2	0	43457373
2	10688505	13131620.6	0	10688505
3	4214637	3282905.1	0	4214637
4	2449605	820726.3	0	2449605
5	704488	205181.6	0	704488
6	707168	51295.4	0	707168
7	560000	12823.8	0	560000
8	603708	3206.0	0	603708
9	788864	801.5	0	785486 3378
10	494714	200.4	1	473829 20885
11	607144	50.1	1	580592 26552
12	500512	12.5	1	480133 20379
13	462069	3.1	1	444723 17346
14	559545	3.1	1	534960 24585
15	414016	3.1	1	397418 16598
16	399715	3.1	1	379392 20323
17	495046	3.1	1	469519 25527
18	307912	3.1	1	297936 9976
19	518722	3.1	1	484819 33903
20	240798	3.1	1	234328 6470
21	497620	3.1	1	460403 37217
22	251197	3.1	1	238866 12331
23	300121	3.1	1	286529 13592
24	358464	3.1	1	339651 18813
25	240434	3.1	1	232553 7881
26	254415	3.1	1	237557 16858
27	262461	3.1	1	249480 12981
28	243265	3.1	1	233648 9617
29	227173	3.1	1	217618 9555
30	140804	3.1	1	136470 4334
31	230539	3.1	1	216681 13858
32	214215	3.1	1	206710 7505
33	95776	3.1	1	91902 3874
34	171726	3.1	1	165208 6518
35	205446	3.1	1	194786 10660
36	126684	3.1	1	122556 4128
37	66241	3.1	1	63628 2613
38	132092	3.1	1	126388 5704
39	133677	3.1	1	128161 5516
40	124879	3.1	1	119972 4907
41	175231	3.1	1	170117 5114
42	36128	3.1	1	34627 1501
43	57961	3.1	1	56433 1528
44	36915	3.1	1	35528 1387
45	85284	3.1	1	82075 3209
46	51321	3.1	1	49936 1385
47	69627	3.1	1	66672 2955
48	59214	3.1	1	57354 1860
49	79464	3.1	1	76477 2987
50	26464	3.1	1	25537 927
51	55408	3.1	1	53203 2205
52	74069	3.1	1	71036 3033
53	39644	3.1	1	38675 969
54	15379	3.1	1	14651 728
55	52400	3.1	1	51022 1378
56	32288	3.1	1	31320 968
57	18407	3.1	1	17629 778
58	37544	3.1	1	36701 843
59	29524	3.1	1	28469 1055
60	14647	3.1	1	14184 463
61	33925	3.1	1	32970 955
62	29966	3.1	1	29020 946
63	26087	3.1	1	25173 914
64	16553	3.1	1	16130 423
65	17223	3.1	1	16793 430
66	19125	3.1	1	18581 544
67	22181	3.1	1	21533 648
68	21519	3.1	1	20829 690
69	24060	3.1	1	23352 708
70	23073	3.1	1	22428 645
71	24983	3.1	1	24291 692
72	30177	3.1	1	29350 827
73	61779	3.1	1	59772 2007
74	179446	3.1	1	176094 3352
75	162524	3.1	1	159990 2534
76	77415	3.1	1	75983 1432
77	44580	3.1	1	43634 946
78	29132	3.1	1	28505 627
79	16504	3.1	1	16134 370
80	10146	3.1	1	9889 257
81	5591	3.1	1	5451 140
82	4044	3.1	1	3928 116
83	3208	3.1	1	3120 88
84	3113	3.1	1	3016 97
85	3006	3.1	1	2910 96
86	3145	3.1	1	3040 105
87	3099	3.1	1	3007 92
88	3044	3.1	1	2945 99
89	3009	3.1	1	2916 93
90	3094	3.1	1	3007 87
91	3642	3.1	1	3560 82
92	3605	3.1	1	3521 84
93	4338	3.1	1	4235 103
94	5122	3.1	1	5000 122
95	6541	3.1	1	6407 134
96	8401	3.1	1	8210 191
97	10249	3.1	1	10030 219
98	10574	3.1	1	10339 235
99	10392	3.1	1	10148 244
100	9320	3.1	1	9120 200
101	6963	3.1	1	6845 118
102	6025	3.1	1	5891 134
103	5514	3.1	1	5363 151
104	4886	3.1	1	4734 152
105	4466	3.1	1	4334 132
106	4246	3.1	1	4093 153
107	4505	3.1	1	4383 122
108	4943	3.1	1	4842 101
109	5539	3.1	1	5455 84
110	5969	3.1	1	5851 118
111	5935	3.1	1	5808 127
112	5969	3.1	1	5848 121
113	5247	3.1	1	5149 98
114	4283	3.1	1	4193 90
115	3886	3.1	1	3796 90
116	3316	3.1	1	3233 83
117	3295	3.1	1	3201 94
118	3358	3.1	1	3269 89
119	2985	3.1	1	2899 86
120	3195	3.1	1	3089 106
121	4179	3.1	1	4066 113
122	3318	3.1	1	3189 129
123	1820	3.1	1	1691 129
124	6412	3.1	1	6084 328
125	8837	3.1	1	7837 1000
126	53677	3.1	1	47417 6260


RUN STATISTICS FOR INPUT FILE: /scratch/groups/ximenac/GSE134873/fastq/SRR9833663_1.fastq.gz
=============================================
210105929 sequences processed in total
The length threshold of paired-end sequences gets evaluated later on (in the validation step)

Writing report to '/scratch/groups/ximenac/GSE134873/trim_galore_out/SRR9833663_2.fastq.gz_trimming_report.txt'

SUMMARISING RUN PARAMETERS
==========================
Input filename: /scratch/groups/ximenac/GSE134873/fastq/SRR9833663_2.fastq.gz
Trimming mode: paired-end
Trim Galore version: 0.6.10
Cutadapt version: 1.18
Python version: 3.6.1
Number of cores used for trimming: 4
Quality Phred score cutoff: 20
Quality encoding type selected: ASCII+33
Adapter sequence: 'AGATCGGAAGAGC' (Illumina TruSeq, Sanger iPCR; auto-detected)
Maximum trimming error rate: 0.1 (default)
Minimum required adapter overlap (stringency): 1 bp
Minimum required sequence length for both reads before a sequence pair gets removed: 15 bp
Removing Ns from the start and end of reads
All Read 1 sequences will be trimmed by 10 bp from their 5' end to avoid poor qualities or biases
All Read 2 sequences will be trimmed by 20 bp from their 5' end to avoid poor qualities or biases (e.g. M-bias for BS-Seq applications)
All Read 1 sequences will be trimmed by 10 bp from their 3' end to avoid poor qualities or biases
All Read 2 sequences will be trimmed by 15 bp from their 3' end to avoid poor qualities or biases
Running FastQC on the data once trimming has completed
Output file(s) will be GZIP compressed

Cutadapt seems to be reasonably up-to-date. Setting -j -j 4
Writing final adapter and quality trimmed output to SRR9833663_2_trimmed.fq.gz


  >>> Now performing quality (cutoff '-q 20') and adapter trimming in a single pass for the adapter sequence: 'AGATCGGAAGAGC' from file /scratch/groups/ximenac/GSE134873/fastq/SRR9833663_2.fastq.gz <<< 
20000000 sequences processed
This is cutadapt 1.18 with Python 3.6.1
Command line parameters: -j 4 -e 0.1 -q 20 -O 1 --trim-n -a AGATCGGAAGAGC /scratch/groups/ximenac/GSE134873/fastq/SRR9833664_1.fastq.gz
Processing reads on 4 cores in single-end mode ...
Finished in 1736.73 s (8 us/read; 7.49 M reads/minute).

=== Summary ===

Total reads processed:             216,781,216
Reads with adapters:                75,073,392 (34.6%)
Reads written (passing filters):   216,781,216 (100.0%)

Total basepairs processed: 27,314,433,216 bp
Quality-trimmed:             244,515,708 bp (0.9%)
Total written (filtered):  26,690,939,894 bp (97.7%)

=== Adapter 1 ===

Sequence: AGATCGGAAGAGC; Type: regular 3'; Length: 13; Trimmed: 75073392 times.

No. of allowed errors:
0-9 bp: 0; 10-13 bp: 1

Bases preceding removed adapters:
  A: 30.6%
  C: 18.3%
  G: 13.1%
  T: 37.8%
  none/other: 0.2%

Overview of removed sequences
length	count	expect	max.err	error counts
1	44599673	54195304.0	0	44599673
2	11159813	13548826.0	0	11159813
3	4266761	3387206.5	0	4266761
4	2408916	846801.6	0	2408916
5	643382	211700.4	0	643382
6	662021	52925.1	0	662021
7	529541	13231.3	0	529541
8	558991	3307.8	0	558991
9	711599	827.0	0	708239 3360
10	460881	206.7	1	441964 18917
11	536399	51.7	1	514631 21768
12	447539	12.9	1	430304 17235
13	425811	3.2	1	410527 15284
14	486929	3.2	1	466924 20005
15	377205	3.2	1	363028 14177
16	341988	3.2	1	326117 15871
17	435534	3.2	1	414231 21303
18	268103	3.2	1	260218 7885
19	437249	3.2	1	410533 26716
20	206727	3.2	1	201620 5107
21	429880	3.2	1	399724 30156
22	217670	3.2	1	207653 10017
23	251981	3.2	1	241466 10515
24	289193	3.2	1	275447 13746
25	193209	3.2	1	187517 5692
26	216765	3.2	1	203891 12874
27	211744	3.2	1	202164 9580
28	211440	3.2	1	203371 8069
29	176258	3.2	1	169386 6872
30	122486	3.2	1	118797 3689
31	167601	3.2	1	158409 9192
32	169031	3.2	1	163143 5888
33	97800	3.2	1	93970 3830
34	173323	3.2	1	167538 5785
35	55703	3.2	1	53175 2528
36	145060	3.2	1	139919 5141
37	88367	3.2	1	84637 3730
38	74401	3.2	1	72208 2193
39	95137	3.2	1	90987 4150
40	86688	3.2	1	83726 2962
41	124737	3.2	1	121504 3233
42	33729	3.2	1	32236 1493
43	51485	3.2	1	50142 1343
44	33735	3.2	1	32528 1207
45	62251	3.2	1	60047 2204
46	41403	3.2	1	40390 1013
47	53230	3.2	1	51009 2221
48	44251	3.2	1	42975 1276
49	57828	3.2	1	55681 2147
50	22858	3.2	1	22169 689
51	40888	3.2	1	39306 1582
52	53589	3.2	1	51511 2078
53	31497	3.2	1	30804 693
54	12527	3.2	1	11917 610
55	38483	3.2	1	37545 938
56	25203	3.2	1	24479 724
57	15584	3.2	1	14983 601
58	28075	3.2	1	27502 573
59	22733	3.2	1	21944 789
60	11710	3.2	1	11388 322
61	25190	3.2	1	24479 711
62	22363	3.2	1	21669 694
63	19869	3.2	1	19146 723
64	13462	3.2	1	13117 345
65	13464	3.2	1	13074 390
66	14893	3.2	1	14440 453
67	16766	3.2	1	16221 545
68	16054	3.2	1	15564 490
69	17394	3.2	1	16874 520
70	17092	3.2	1	16627 465
71	21184	3.2	1	20646 538
72	22223	3.2	1	21660 563
73	33687	3.2	1	32654 1033
74	90503	3.2	1	88374 2129
75	131615	3.2	1	129517 2098
76	64223	3.2	1	63138 1085
77	36165	3.2	1	35434 731
78	22882	3.2	1	22449 433
79	13181	3.2	1	12896 285
80	8093	3.2	1	7906 187
81	4231	3.2	1	4106 125
82	3064	3.2	1	2977 87
83	2530	3.2	1	2437 93
84	2477	3.2	1	2383 94
85	2596	3.2	1	2516 80
86	2712	3.2	1	2624 88
87	2530	3.2	1	2454 76
88	2468	3.2	1	2386 82
89	2465	3.2	1	2384 81
90	2437	3.2	1	2353 84
91	2821	3.2	1	2744 77
92	2724	3.2	1	2659 65
93	3443	3.2	1	3358 85
94	3704	3.2	1	3601 103
95	4930	3.2	1	4801 129
96	6017	3.2	1	5826 191
97	7185	3.2	1	6969 216
98	7619	3.2	1	7401 218
99	7416	3.2	1	7167 249
100	6312	3.2	1	6129 183
101	5081	3.2	1	4973 108
102	4340	3.2	1	4227 113
103	4213	3.2	1	4074 139
104	3701	3.2	1	3567 134
105	3230	3.2	1	3109 121
106	2886	3.2	1	2760 126
107	3038	3.2	1	2923 115
108	3281	3.2	1	3194 87
109	3533	3.2	1	3456 77
110	3954	3.2	1	3862 92
111	4083	3.2	1	3982 101
112	4073	3.2	1	3995 78
113	3705	3.2	1	3593 112
114	2935	3.2	1	2853 82
115	2634	3.2	1	2565 69
116	2397	3.2	1	2331 66
117	2263	3.2	1	2190 73
118	2404	3.2	1	2342 62
119	2115	3.2	1	2040 75
120	2309	3.2	1	2228 81
121	2830	3.2	1	2747 83
122	2242	3.2	1	2143 99
123	1554	3.2	1	1438 116
124	5096	3.2	1	4813 283
125	7648	3.2	1	6718 930
126	43268	3.2	1	37492 5776


RUN STATISTICS FOR INPUT FILE: /scratch/groups/ximenac/GSE134873/fastq/SRR9833664_1.fastq.gz
=============================================
216781216 sequences processed in total
The length threshold of paired-end sequences gets evaluated later on (in the validation step)

Writing report to '/scratch/groups/ximenac/GSE134873/trim_galore_out/SRR9833664_2.fastq.gz_trimming_report.txt'

SUMMARISING RUN PARAMETERS
==========================
Input filename: /scratch/groups/ximenac/GSE134873/fastq/SRR9833664_2.fastq.gz
Trimming mode: paired-end
Trim Galore version: 0.6.10
Cutadapt version: 1.18
Python version: 3.6.1
Number of cores used for trimming: 4
Quality Phred score cutoff: 20
Quality encoding type selected: ASCII+33
Adapter sequence: 'AGATCGGAAGAGC' (Illumina TruSeq, Sanger iPCR; auto-detected)
Maximum trimming error rate: 0.1 (default)
Minimum required adapter overlap (stringency): 1 bp
Minimum required sequence length for both reads before a sequence pair gets removed: 15 bp
Removing Ns from the start and end of reads
All Read 1 sequences will be trimmed by 10 bp from their 5' end to avoid poor qualities or biases
All Read 2 sequences will be trimmed by 20 bp from their 5' end to avoid poor qualities or biases (e.g. M-bias for BS-Seq applications)
All Read 1 sequences will be trimmed by 10 bp from their 3' end to avoid poor qualities or biases
All Read 2 sequences will be trimmed by 15 bp from their 3' end to avoid poor qualities or biases
Running FastQC on the data once trimming has completed
Output file(s) will be GZIP compressed

Cutadapt seems to be reasonably up-to-date. Setting -j -j 4
Writing final adapter and quality trimmed output to SRR9833664_2_trimmed.fq.gz


  >>> Now performing quality (cutoff '-q 20') and adapter trimming in a single pass for the adapter sequence: 'AGATCGGAAGAGC' from file /scratch/groups/ximenac/GSE134873/fastq/SRR9833664_2.fastq.gz <<< 
10000000 sequences processed
30000000 sequences processed
10000000 sequences processed
20000000 sequences processed
40000000 sequences processed
20000000 sequences processed
30000000 sequences processed
50000000 sequences processed
30000000 sequences processed
40000000 sequences processed
60000000 sequences processed
40000000 sequences processed
50000000 sequences processed
70000000 sequences processed
50000000 sequences processed
60000000 sequences processed
80000000 sequences processed
60000000 sequences processed
70000000 sequences processed
90000000 sequences processed
70000000 sequences processed
80000000 sequences processed
100000000 sequences processed
80000000 sequences processed
90000000 sequences processed
110000000 sequences processed
90000000 sequences processed
100000000 sequences processed
120000000 sequences processed
100000000 sequences processed
110000000 sequences processed
130000000 sequences processed
110000000 sequences processed
120000000 sequences processed
140000000 sequences processed
120000000 sequences processed
130000000 sequences processed
150000000 sequences processed
130000000 sequences processed
140000000 sequences processed
160000000 sequences processed
140000000 sequences processed
150000000 sequences processed
170000000 sequences processed
150000000 sequences processed
160000000 sequences processed
180000000 sequences processed
160000000 sequences processed
170000000 sequences processed
190000000 sequences processed
170000000 sequences processed
180000000 sequences processed
This is cutadapt 1.18 with Python 3.6.1
Command line parameters: -j 4 -e 0.1 -q 20 -O 1 --trim-n -a AGATCGGAAGAGC /scratch/groups/ximenac/GSE134873/fastq/SRR9833662_2.fastq.gz
Processing reads on 4 cores in single-end mode ...
Finished in 1612.99 s (8 us/read; 7.37 M reads/minute).

=== Summary ===

Total reads processed:             198,056,601
Reads with adapters:               109,105,406 (55.1%)
Reads written (passing filters):   198,056,601 (100.0%)

Total basepairs processed: 24,955,131,726 bp
Quality-trimmed:             357,193,665 bp (1.4%)
Total written (filtered):  24,144,287,438 bp (96.8%)

=== Adapter 1 ===

Sequence: AGATCGGAAGAGC; Type: regular 3'; Length: 13; Trimmed: 109105406 times.

No. of allowed errors:
0-9 bp: 0; 10-13 bp: 1

Bases preceding removed adapters:
  A: 58.7%
  C: 14.4%
  G: 1.0%
  T: 25.8%
  none/other: 0.2%

Overview of removed sequences
length	count	expect	max.err	error counts
1	92634975	49514150.2	0	92634975
2	867971	12378537.6	0	867971
3	721797	3094634.4	0	721797
4	733626	773658.6	0	733626
5	617135	193414.6	0	617135
6	684941	48353.7	0	684941
7	645211	12088.4	0	645211
8	610148	3022.1	0	610148
9	593972	755.5	0	592801 1171
10	761042	188.9	1	750351 10691
11	278943	47.2	1	264438 14505
12	674207	11.8	1	660176 14031
13	296185	3.0	1	286849 9336
14	640594	3.0	1	626761 13833
15	362506	3.0	1	352352 10154
16	308234	3.0	1	299453 8781
17	614583	3.0	1	602335 12248
18	177712	3.0	1	170025 7687
19	443815	3.0	1	434745 9070
20	407331	3.0	1	399115 8216
21	113458	3.0	1	107662 5796
22	309387	3.0	1	299832 9555
23	302399	3.0	1	292262 10137
24	417365	3.0	1	407177 10188
25	149855	3.0	1	144704 5151
26	289219	3.0	1	280595 8624
27	178877	3.0	1	168557 10320
28	334014	3.0	1	328365 5649
29	63886	3.0	1	59123 4763
30	295366	3.0	1	289920 5446
31	75314	3.0	1	72149 3165
32	183592	3.0	1	180510 3082
33	169135	3.0	1	165456 3679
34	102218	3.0	1	98479 3739
35	175404	3.0	1	172791 2613
36	66962	3.0	1	64525 2437
37	138625	3.0	1	135267 3358
38	100118	3.0	1	97790 2328
39	109512	3.0	1	106839 2673
40	70566	3.0	1	68511 2055
41	96110	3.0	1	93661 2449
42	122596	3.0	1	120579 2017
43	31404	3.0	1	30282 1122
44	75463	3.0	1	73667 1796
45	103260	3.0	1	101551 1709
46	66129	3.0	1	64981 1148
47	21081	3.0	1	20374 707
48	64900	3.0	1	64074 826
49	48945	3.0	1	48219 726
50	28208	3.0	1	27489 719
51	71476	3.0	1	70478 998
52	38600	3.0	1	37940 660
53	24775	3.0	1	24228 547
54	24331	3.0	1	23749 582
55	36585	3.0	1	35957 628
56	25992	3.0	1	25395 597
57	30257	3.0	1	29573 684
58	30754	3.0	1	30193 561
59	24209	3.0	1	23643 566
60	25826	3.0	1	25213 613
61	25436	3.0	1	24811 625
62	24763	3.0	1	24104 659
63	24009	3.0	1	23355 654
64	25312	3.0	1	24648 664
65	26159	3.0	1	25425 734
66	30466	3.0	1	29563 903
67	49698	3.0	1	46250 3448
68	447463	3.0	1	443040 4423
69	171328	3.0	1	168877 2451
70	77753	3.0	1	76520 1233
71	32184	3.0	1	31475 709
72	19550	3.0	1	19101 449
73	11413	3.0	1	11089 324
74	9291	3.0	1	8982 309
75	7610	3.0	1	7344 266
76	6807	3.0	1	6560 247
77	6789	3.0	1	6549 240
78	7087	3.0	1	6856 231
79	8633	3.0	1	8383 250
80	12109	3.0	1	11757 352
81	79990	3.0	1	79470 520
82	28100	3.0	1	27784 316
83	11625	3.0	1	11402 223
84	6095	3.0	1	5916 179
85	4956	3.0	1	4759 197
86	4024	3.0	1	3840 184
87	3752	3.0	1	3568 184
88	3455	3.0	1	3275 180
89	3494	3.0	1	3286 208
90	3777	3.0	1	3560 217
91	3893	3.0	1	3666 227
92	3614	3.0	1	3400 214
93	3604	3.0	1	3382 222
94	3506	3.0	1	3259 247
95	3705	3.0	1	3469 236
96	4376	3.0	1	4080 296
97	4664	3.0	1	4309 355
98	5041	3.0	1	4652 389
99	5312	3.0	1	4879 433
100	5047	3.0	1	4536 511
101	4008	3.0	1	3527 481
102	3850	3.0	1	3317 533
103	3801	3.0	1	3226 575
104	3896	3.0	1	3241 655
105	3723	3.0	1	3001 722
106	4012	3.0	1	3154 858
107	4616	3.0	1	3502 1114
108	5477	3.0	1	4130 1347
109	6933	3.0	1	5249 1684
110	7936	3.0	1	6135 1801
111	8631	3.0	1	6819 1812
112	8923	3.0	1	7162 1761
113	8178	3.0	1	6474 1704
114	5844	3.0	1	4381 1463
115	5326	3.0	1	4020 1306
116	5202	3.0	1	3910 1292
117	5132	3.0	1	3771 1361
118	5150	3.0	1	3850 1300
119	4150	3.0	1	3181 969
120	4495	3.0	1	3717 778
121	6309	3.0	1	5550 759
122	5322	3.0	1	4736 586
123	3875	3.0	1	3451 424
124	19998	3.0	1	19050 948
125	4715	3.0	1	4334 381
126	28913	3.0	1	27562 1351


RUN STATISTICS FOR INPUT FILE: /scratch/groups/ximenac/GSE134873/fastq/SRR9833662_2.fastq.gz
=============================================
198056601 sequences processed in total
The length threshold of paired-end sequences gets evaluated later on (in the validation step)

Validate paired-end files SRR9833662_1_trimmed.fq.gz and SRR9833662_2_trimmed.fq.gz
file_1: SRR9833662_1_trimmed.fq.gz, file_2: SRR9833662_2_trimmed.fq.gz


>>>>> Now validing the length of the 2 paired-end infiles: SRR9833662_1_trimmed.fq.gz and SRR9833662_2_trimmed.fq.gz <<<<<
Writing validated paired-end Read 1 reads to SRR9833662_1_val_1.fq.gz
Writing validated paired-end Read 2 reads to SRR9833662_2_val_2.fq.gz

180000000 sequences processed
190000000 sequences processed
190000000 sequences processed
200000000 sequences processed
200000000 sequences processed
210000000 sequences processed
This is cutadapt 1.18 with Python 3.6.1
Command line parameters: -j 4 -e 0.1 -q 20 -O 1 --trim-n -a AGATCGGAAGAGC /scratch/groups/ximenac/GSE134873/fastq/SRR9833663_2.fastq.gz
Processing reads on 4 cores in single-end mode ...
Finished in 1702.33 s (8 us/read; 7.41 M reads/minute).

=== Summary ===

Total reads processed:             210,105,929
Reads with adapters:               113,232,721 (53.9%)
Reads written (passing filters):   210,105,929 (100.0%)

Total basepairs processed: 26,473,347,054 bp
Quality-trimmed:             350,478,017 bp (1.3%)
Total written (filtered):  25,657,194,165 bp (96.9%)

=== Adapter 1 ===

Sequence: AGATCGGAAGAGC; Type: regular 3'; Length: 13; Trimmed: 113232721 times.

No. of allowed errors:
0-9 bp: 0; 10-13 bp: 1

Bases preceding removed adapters:
  A: 58.0%
  C: 14.7%
  G: 1.0%
  T: 26.1%
  none/other: 0.1%

Overview of removed sequences
length	count	expect	max.err	error counts
1	94756440	52526482.2	0	94756440
2	1193823	13131620.6	0	1193823
3	866206	3282905.1	0	866206
4	852911	820726.3	0	852911
5	697733	205181.6	0	697733
6	776161	51295.4	0	776161
7	762769	12823.8	0	762769
8	697164	3206.0	0	697164
9	644430	801.5	0	643162 1268
10	906878	200.4	1	894744 12134
11	284980	50.1	1	270837 14143
12	787552	12.5	1	772083 15469
13	319293	3.1	1	309743 9550
14	760462	3.1	1	745163 15299
15	395823	3.1	1	385382 10441
16	338820	3.1	1	329957 8863
17	716329	3.1	1	703105 13224
18	184754	3.1	1	177082 7672
19	513024	3.1	1	503076 9948
20	470461	3.1	1	462000 8461
21	112258	3.1	1	106537 5721
22	350441	3.1	1	340256 10185
23	342009	3.1	1	331060 10949
24	501220	3.1	1	489108 12112
25	162893	3.1	1	157512 5381
26	326313	3.1	1	317410 8903
27	179578	3.1	1	170074 9504
28	388564	3.1	1	382502 6062
29	60215	3.1	1	55739 4476
30	339186	3.1	1	333297 5889
31	79007	3.1	1	75856 3151
32	210875	3.1	1	207337 3538
33	198164	3.1	1	194355 3809
34	102909	3.1	1	99308 3601
35	206398	3.1	1	203570 2828
36	68575	3.1	1	66240 2335
37	157205	3.1	1	153698 3507
38	111672	3.1	1	109331 2341
39	122000	3.1	1	119332 2668
40	75297	3.1	1	73220 2077
41	107482	3.1	1	104838 2644
42	136810	3.1	1	134755 2055
43	35620	3.1	1	34455 1165
44	83755	3.1	1	81887 1868
45	117276	3.1	1	115386 1890
46	71809	3.1	1	70630 1179
47	22450	3.1	1	21772 678
48	72758	3.1	1	71923 835
49	53748	3.1	1	53053 695
50	31084	3.1	1	30442 642
51	80602	3.1	1	79560 1042
52	42128	3.1	1	41515 613
53	26322	3.1	1	25829 493
54	25903	3.1	1	25349 554
55	40442	3.1	1	39884 558
56	28086	3.1	1	27518 568
57	32708	3.1	1	32070 638
58	33329	3.1	1	32759 570
59	25120	3.1	1	24646 474
60	27669	3.1	1	27082 587
61	27333	3.1	1	26728 605
62	26039	3.1	1	25461 578
63	24936	3.1	1	24300 636
64	25065	3.1	1	24474 591
65	25651	3.1	1	25025 626
66	29088	3.1	1	28295 793
67	43253	3.1	1	40574 2679
68	359813	3.1	1	356485 3328
69	132443	3.1	1	130584 1859
70	56449	3.1	1	55565 884
71	23791	3.1	1	23308 483
72	14872	3.1	1	14543 329
73	9119	3.1	1	8869 250
74	7021	3.1	1	6801 220
75	5886	3.1	1	5675 211
76	5199	3.1	1	5030 169
77	5269	3.1	1	5088 181
78	5514	3.1	1	5347 167
79	6463	3.1	1	6277 186
80	9372	3.1	1	9104 268
81	63022	3.1	1	62623 399
82	21688	3.1	1	21451 237
83	8987	3.1	1	8828 159
84	4672	3.1	1	4529 143
85	3924	3.1	1	3779 145
86	3076	3.1	1	2943 133
87	2882	3.1	1	2733 149
88	2702	3.1	1	2571 131
89	2746	3.1	1	2585 161
90	2915	3.1	1	2744 171
91	3002	3.1	1	2822 180
92	2816	3.1	1	2641 175
93	2638	3.1	1	2461 177
94	2619	3.1	1	2421 198
95	2831	3.1	1	2620 211
96	3340	3.1	1	3080 260
97	3530	3.1	1	3231 299
98	3724	3.1	1	3400 324
99	3987	3.1	1	3639 348
100	3828	3.1	1	3403 425
101	3183	3.1	1	2738 445
102	3063	3.1	1	2513 550
103	3035	3.1	1	2416 619
104	3045	3.1	1	2384 661
105	3107	3.1	1	2306 801
106	3277	3.1	1	2374 903
107	3620	3.1	1	2553 1067
108	4434	3.1	1	3054 1380
109	5759	3.1	1	3922 1837
110	6398	3.1	1	4447 1951
111	7140	3.1	1	5194 1946
112	7302	3.1	1	5358 1944
113	6542	3.1	1	4669 1873
114	4684	3.1	1	3217 1467
115	4226	3.1	1	2876 1350
116	4129	3.1	1	2774 1355
117	4075	3.1	1	2712 1363
118	4079	3.1	1	2795 1284
119	3239	3.1	1	2226 1013
120	3350	3.1	1	2544 806
121	4473	3.1	1	3757 716
122	3295	3.1	1	2738 557
123	1346	3.1	1	1030 316
124	5592	3.1	1	5118 474
125	2837	3.1	1	2552 285
126	20093	3.1	1	19267 826


RUN STATISTICS FOR INPUT FILE: /scratch/groups/ximenac/GSE134873/fastq/SRR9833663_2.fastq.gz
=============================================
210105929 sequences processed in total
The length threshold of paired-end sequences gets evaluated later on (in the validation step)

Validate paired-end files SRR9833663_1_trimmed.fq.gz and SRR9833663_2_trimmed.fq.gz
file_1: SRR9833663_1_trimmed.fq.gz, file_2: SRR9833663_2_trimmed.fq.gz


>>>>> Now validing the length of the 2 paired-end infiles: SRR9833663_1_trimmed.fq.gz and SRR9833663_2_trimmed.fq.gz <<<<<
Writing validated paired-end Read 1 reads to SRR9833663_1_val_1.fq.gz
Writing validated paired-end Read 2 reads to SRR9833663_2_val_2.fq.gz

210000000 sequences processed
This is cutadapt 1.18 with Python 3.6.1
Command line parameters: -j 4 -e 0.1 -q 20 -O 1 --trim-n -a AGATCGGAAGAGC /scratch/groups/ximenac/GSE134873/fastq/SRR9833664_2.fastq.gz
Processing reads on 4 cores in single-end mode ...
Finished in 1753.36 s (8 us/read; 7.42 M reads/minute).

=== Summary ===

Total reads processed:             216,781,216
Reads with adapters:               117,578,572 (54.2%)
Reads written (passing filters):   216,781,216 (100.0%)

Total basepairs processed: 27,314,433,216 bp
Quality-trimmed:             366,667,301 bp (1.3%)
Total written (filtered):  26,549,589,856 bp (97.2%)

=== Adapter 1 ===

Sequence: AGATCGGAAGAGC; Type: regular 3'; Length: 13; Trimmed: 117578572 times.

No. of allowed errors:
0-9 bp: 0; 10-13 bp: 1

Bases preceding removed adapters:
  A: 59.6%
  C: 14.3%
  G: 0.8%
  T: 25.2%
  none/other: 0.1%

Overview of removed sequences
length	count	expect	max.err	error counts
1	101987803	54195304.0	0	101987803
2	942159	13548826.0	0	942159
3	758146	3387206.5	0	758146
4	774929	846801.6	0	774929
5	640937	211700.4	0	640937
6	712923	52925.1	0	712923
7	677534	13231.3	0	677534
8	631028	3307.8	0	631028
9	601322	827.0	0	600154 1168
10	783505	206.7	1	772952 10553
11	274849	51.7	1	260951 13898
12	683921	12.9	1	670067 13854
13	291660	3.2	1	282924 8736
14	643539	3.2	1	630065 13474
15	356373	3.2	1	346662 9711
16	300964	3.2	1	292647 8317
17	604159	3.2	1	592372 11787
18	170028	3.2	1	162778 7250
19	428926	3.2	1	420205 8721
20	393391	3.2	1	385659 7732
21	102959	3.2	1	97621 5338
22	292808	3.2	1	283990 8818
23	285424	3.2	1	275745 9679
24	397906	3.2	1	388393 9513
25	136668	3.2	1	132123 4545
26	265841	3.2	1	257916 7925
27	158989	3.2	1	150166 8823
28	306292	3.2	1	301465 4827
29	54716	3.2	1	50600 4116
30	264449	3.2	1	259712 4737
31	66742	3.2	1	64027 2715
32	162842	3.2	1	160105 2737
33	151097	3.2	1	147906 3191
34	86918	3.2	1	83758 3160
35	153169	3.2	1	150955 2214
36	55570	3.2	1	53582 1988
37	120859	3.2	1	118077 2782
38	84672	3.2	1	82801 1871
39	93422	3.2	1	91282 2140
40	59591	3.2	1	57859 1732
41	81646	3.2	1	79644 2002
42	100870	3.2	1	99256 1614
43	29078	3.2	1	28137 941
44	63233	3.2	1	61850 1383
45	86057	3.2	1	84649 1408
46	54753	3.2	1	53864 889
47	17364	3.2	1	16784 580
48	54081	3.2	1	53430 651
49	40162	3.2	1	39636 526
50	23434	3.2	1	22875 559
51	59426	3.2	1	58642 784
52	31523	3.2	1	31033 490
53	20374	3.2	1	19939 435
54	19715	3.2	1	19279 436
55	30422	3.2	1	29974 448
56	20867	3.2	1	20417 450
57	24827	3.2	1	24334 493
58	25244	3.2	1	24764 480
59	19314	3.2	1	18886 428
60	20925	3.2	1	20431 494
61	20555	3.2	1	20072 483
62	20098	3.2	1	19610 488
63	19313	3.2	1	18827 486
64	19127	3.2	1	18641 486
65	19436	3.2	1	18913 523
66	21765	3.2	1	21118 647
67	31310	3.2	1	29467 1843
68	250970	3.2	1	248507 2463
69	93891	3.2	1	92530 1361
70	38920	3.2	1	38264 656
71	15927	3.2	1	15569 358
72	9646	3.2	1	9388 258
73	6133	3.2	1	5918 215
74	5033	3.2	1	4857 176
75	4312	3.2	1	4143 169
76	3846	3.2	1	3718 128
77	3724	3.2	1	3589 135
78	3945	3.2	1	3803 142
79	4608	3.2	1	4463 145
80	6363	3.2	1	6146 217
81	41029	3.2	1	40750 279
82	14432	3.2	1	14277 155
83	6118	3.2	1	5999 119
84	3432	3.2	1	3311 121
85	2967	3.2	1	2835 132
86	2363	3.2	1	2244 119
87	2172	3.2	1	2019 153
88	2050	3.2	1	1935 115
89	2030	3.2	1	1882 148
90	2147	3.2	1	1986 161
91	2169	3.2	1	1997 172
92	2106	3.2	1	1908 198
93	2169	3.2	1	1933 236
94	2046	3.2	1	1825 221
95	2106	3.2	1	1872 234
96	2469	3.2	1	2172 297
97	2596	3.2	1	2280 316
98	2750	3.2	1	2350 400
99	2924	3.2	1	2507 417
100	2833	3.2	1	2332 501
101	2563	3.2	1	2043 520
102	2346	3.2	1	1761 585
103	2394	3.2	1	1764 630
104	2441	3.2	1	1736 705
105	2349	3.2	1	1564 785
106	2493	3.2	1	1623 870
107	2781	3.2	1	1719 1062
108	3602	3.2	1	2191 1411
109	4651	3.2	1	2805 1846
110	5188	3.2	1	3293 1895
111	5392	3.2	1	3543 1849
112	5731	3.2	1	3861 1870
113	5077	3.2	1	3333 1744
114	3715	3.2	1	2263 1452
115	3365	3.2	1	1952 1413
116	3306	3.2	1	1951 1355
117	3350	3.2	1	1977 1373
118	3165	3.2	1	1908 1257
119	2466	3.2	1	1505 961
120	2556	3.2	1	1729 827
121	3230	3.2	1	2575 655
122	2386	3.2	1	1845 541
123	1117	3.2	1	817 300
124	4562	3.2	1	4172 390
125	1953	3.2	1	1694 259
126	12218	3.2	1	11574 644


RUN STATISTICS FOR INPUT FILE: /scratch/groups/ximenac/GSE134873/fastq/SRR9833664_2.fastq.gz
=============================================
216781216 sequences processed in total
The length threshold of paired-end sequences gets evaluated later on (in the validation step)

Validate paired-end files SRR9833664_1_trimmed.fq.gz and SRR9833664_2_trimmed.fq.gz
file_1: SRR9833664_1_trimmed.fq.gz, file_2: SRR9833664_2_trimmed.fq.gz


>>>>> Now validing the length of the 2 paired-end infiles: SRR9833664_1_trimmed.fq.gz and SRR9833664_2_trimmed.fq.gz <<<<<
Writing validated paired-end Read 1 reads to SRR9833664_1_val_1.fq.gz
Writing validated paired-end Read 2 reads to SRR9833664_2_val_2.fq.gz

Total number of sequences analysed: 198056601

Number of sequence pairs removed because at least one read was shorter than the length cutoff (15 bp): 2180474 (1.10%)


  >>> Now running FastQC on the validated data SRR9833662_1_val_1.fq.gz<<<

Started analysis of SRR9833662_1_val_1.fq.gz
Approx 5% complete for SRR9833662_1_val_1.fq.gz
Approx 10% complete for SRR9833662_1_val_1.fq.gz
Approx 15% complete for SRR9833662_1_val_1.fq.gz
Approx 20% complete for SRR9833662_1_val_1.fq.gz
Approx 25% complete for SRR9833662_1_val_1.fq.gz
Total number of sequences analysed: 210105929

Number of sequence pairs removed because at least one read was shorter than the length cutoff (15 bp): 1924496 (0.92%)


  >>> Now running FastQC on the validated data SRR9833663_1_val_1.fq.gz<<<

Started analysis of SRR9833663_1_val_1.fq.gz
Approx 30% complete for SRR9833662_1_val_1.fq.gz
Approx 5% complete for SRR9833663_1_val_1.fq.gz
Total number of sequences analysed: 216781216

Number of sequence pairs removed because at least one read was shorter than the length cutoff (15 bp): 1718992 (0.79%)


  >>> Now running FastQC on the validated data SRR9833664_1_val_1.fq.gz<<<

Started analysis of SRR9833664_1_val_1.fq.gz
Approx 35% complete for SRR9833662_1_val_1.fq.gz
Approx 10% complete for SRR9833663_1_val_1.fq.gz
Approx 40% complete for SRR9833662_1_val_1.fq.gz
Approx 5% complete for SRR9833664_1_val_1.fq.gz
Approx 15% complete for SRR9833663_1_val_1.fq.gz
Approx 45% complete for SRR9833662_1_val_1.fq.gz
Approx 10% complete for SRR9833664_1_val_1.fq.gz
Approx 20% complete for SRR9833663_1_val_1.fq.gz
Approx 50% complete for SRR9833662_1_val_1.fq.gz
Approx 15% complete for SRR9833664_1_val_1.fq.gz
Approx 25% complete for SRR9833663_1_val_1.fq.gz
Approx 55% complete for SRR9833662_1_val_1.fq.gz
Approx 20% complete for SRR9833664_1_val_1.fq.gz
Approx 30% complete for SRR9833663_1_val_1.fq.gz
Approx 60% complete for SRR9833662_1_val_1.fq.gz
Approx 25% complete for SRR9833664_1_val_1.fq.gz
Approx 35% complete for SRR9833663_1_val_1.fq.gz
Approx 65% complete for SRR9833662_1_val_1.fq.gz
Approx 30% complete for SRR9833664_1_val_1.fq.gz
Approx 70% complete for SRR9833662_1_val_1.fq.gz
Approx 40% complete for SRR9833663_1_val_1.fq.gz
Approx 75% complete for SRR9833662_1_val_1.fq.gz
Approx 45% complete for SRR9833663_1_val_1.fq.gz
Approx 35% complete for SRR9833664_1_val_1.fq.gz
Approx 80% complete for SRR9833662_1_val_1.fq.gz
Approx 50% complete for SRR9833663_1_val_1.fq.gz
Approx 40% complete for SRR9833664_1_val_1.fq.gz
Approx 85% complete for SRR9833662_1_val_1.fq.gz
Approx 55% complete for SRR9833663_1_val_1.fq.gz
Approx 45% complete for SRR9833664_1_val_1.fq.gz
Approx 90% complete for SRR9833662_1_val_1.fq.gz
Approx 60% complete for SRR9833663_1_val_1.fq.gz
Approx 50% complete for SRR9833664_1_val_1.fq.gz
Approx 95% complete for SRR9833662_1_val_1.fq.gz
Approx 65% complete for SRR9833663_1_val_1.fq.gz
Approx 55% complete for SRR9833664_1_val_1.fq.gz
Analysis complete for SRR9833662_1_val_1.fq.gz

  >>> Now running FastQC on the validated data SRR9833662_2_val_2.fq.gz<<<

Started analysis of SRR9833662_2_val_2.fq.gz
Approx 70% complete for SRR9833663_1_val_1.fq.gz
Approx 60% complete for SRR9833664_1_val_1.fq.gz
Approx 5% complete for SRR9833662_2_val_2.fq.gz
Approx 75% complete for SRR9833663_1_val_1.fq.gz
Approx 65% complete for SRR9833664_1_val_1.fq.gz
Approx 10% complete for SRR9833662_2_val_2.fq.gz
Approx 80% complete for SRR9833663_1_val_1.fq.gz
Approx 15% complete for SRR9833662_2_val_2.fq.gz
Approx 70% complete for SRR9833664_1_val_1.fq.gz
Approx 85% complete for SRR9833663_1_val_1.fq.gz
Approx 20% complete for SRR9833662_2_val_2.fq.gz
Approx 75% complete for SRR9833664_1_val_1.fq.gz
Approx 90% complete for SRR9833663_1_val_1.fq.gz
Approx 25% complete for SRR9833662_2_val_2.fq.gz
Approx 80% complete for SRR9833664_1_val_1.fq.gz
Approx 30% complete for SRR9833662_2_val_2.fq.gz
Approx 95% complete for SRR9833663_1_val_1.fq.gz
Approx 85% complete for SRR9833664_1_val_1.fq.gz
Approx 35% complete for SRR9833662_2_val_2.fq.gz
Analysis complete for SRR9833663_1_val_1.fq.gz

  >>> Now running FastQC on the validated data SRR9833663_2_val_2.fq.gz<<<

Started analysis of SRR9833663_2_val_2.fq.gz
Approx 90% complete for SRR9833664_1_val_1.fq.gz
Approx 40% complete for SRR9833662_2_val_2.fq.gz
Approx 5% complete for SRR9833663_2_val_2.fq.gz
Approx 95% complete for SRR9833664_1_val_1.fq.gz
Approx 45% complete for SRR9833662_2_val_2.fq.gz
Approx 10% complete for SRR9833663_2_val_2.fq.gz
Approx 50% complete for SRR9833662_2_val_2.fq.gz
Analysis complete for SRR9833664_1_val_1.fq.gz

  >>> Now running FastQC on the validated data SRR9833664_2_val_2.fq.gz<<<

Started analysis of SRR9833664_2_val_2.fq.gz
Approx 15% complete for SRR9833663_2_val_2.fq.gz
Approx 55% complete for SRR9833662_2_val_2.fq.gz
Approx 5% complete for SRR9833664_2_val_2.fq.gz
Approx 20% complete for SRR9833663_2_val_2.fq.gz
Approx 60% complete for SRR9833662_2_val_2.fq.gz
Approx 10% complete for SRR9833664_2_val_2.fq.gz
Approx 25% complete for SRR9833663_2_val_2.fq.gz
Approx 65% complete for SRR9833662_2_val_2.fq.gz
Approx 15% complete for SRR9833664_2_val_2.fq.gz
Approx 30% complete for SRR9833663_2_val_2.fq.gz
Approx 70% complete for SRR9833662_2_val_2.fq.gz
Approx 20% complete for SRR9833664_2_val_2.fq.gz
Approx 35% complete for SRR9833663_2_val_2.fq.gz
Approx 75% complete for SRR9833662_2_val_2.fq.gz
Approx 25% complete for SRR9833664_2_val_2.fq.gz
Approx 40% complete for SRR9833663_2_val_2.fq.gz
Approx 80% complete for SRR9833662_2_val_2.fq.gz
Approx 30% complete for SRR9833664_2_val_2.fq.gz
Approx 45% complete for SRR9833663_2_val_2.fq.gz
Approx 85% complete for SRR9833662_2_val_2.fq.gz
Approx 35% complete for SRR9833664_2_val_2.fq.gz
Approx 50% complete for SRR9833663_2_val_2.fq.gz
Approx 90% complete for SRR9833662_2_val_2.fq.gz
Approx 40% complete for SRR9833664_2_val_2.fq.gz
Approx 55% complete for SRR9833663_2_val_2.fq.gz
Approx 95% complete for SRR9833662_2_val_2.fq.gz
Analysis complete for SRR9833662_2_val_2.fq.gz
Approx 45% complete for SRR9833664_2_val_2.fq.gz
Deleting both intermediate output files SRR9833662_1_trimmed.fq.gz and SRR9833662_2_trimmed.fq.gz
Approx 60% complete for SRR9833663_2_val_2.fq.gz

====================================================================================================

Approx 50% complete for SRR9833664_2_val_2.fq.gz
Approx 65% complete for SRR9833663_2_val_2.fq.gz
Approx 70% complete for SRR9833663_2_val_2.fq.gz
Approx 55% complete for SRR9833664_2_val_2.fq.gz
Approx 75% complete for SRR9833663_2_val_2.fq.gz
Approx 60% complete for SRR9833664_2_val_2.fq.gz
Approx 80% complete for SRR9833663_2_val_2.fq.gz
Approx 65% complete for SRR9833664_2_val_2.fq.gz
Approx 85% complete for SRR9833663_2_val_2.fq.gz
Approx 70% complete for SRR9833664_2_val_2.fq.gz
Approx 90% complete for SRR9833663_2_val_2.fq.gz
Approx 75% complete for SRR9833664_2_val_2.fq.gz
Approx 95% complete for SRR9833663_2_val_2.fq.gz
Approx 80% complete for SRR9833664_2_val_2.fq.gz
Analysis complete for SRR9833663_2_val_2.fq.gz
Deleting both intermediate output files SRR9833663_1_trimmed.fq.gz and SRR9833663_2_trimmed.fq.gz

====================================================================================================

Approx 85% complete for SRR9833664_2_val_2.fq.gz
Approx 90% complete for SRR9833664_2_val_2.fq.gz
Approx 95% complete for SRR9833664_2_val_2.fq.gz
Analysis complete for SRR9833664_2_val_2.fq.gz
Deleting both intermediate output files SRR9833664_1_trimmed.fq.gz and SRR9833664_2_trimmed.fq.gz

====================================================================================================

